Reading netlist file: "C:\wks\ework\FPGA\TangNano\20k\TangNanoDCJ11MEM\TangNanoDCJ11MEM_project.rev2pcb\impl\gwsynthesis\TangNanoDCJ11MEM_project.vg"
Parsing netlist file "C:\wks\ework\FPGA\TangNano\20k\TangNanoDCJ11MEM\TangNanoDCJ11MEM_project.rev2pcb\impl\gwsynthesis\TangNanoDCJ11MEM_project.vg" completed
Processing netlist completed
Reading constraint file: "C:\wks\ework\FPGA\TangNano\20k\TangNanoDCJ11MEM\TangNanoDCJ11MEM_project.rev2pcb\src\tn20k.cst"
Physical Constraint parsed completed
Running placement......
[10%] Placement Phase 0 completed
[20%] Placement Phase 1 completed
[30%] Placement Phase 2 completed
WARN  (TA1117) : Can't calculate clocks' relationship between: "sys_clk27" and "CLK2"
WARN  (TA1117) : Can't calculate clocks' relationship between: "ALE" and "sys_clk27"
WARN  (TA1117) : Can't calculate clocks' relationship between: "CLK2" and "sys_clk27"
[50%] Placement Phase 3 completed
Running routing......
[60%] Routing Phase 0 completed
[70%] Routing Phase 1 completed
[80%] Routing Phase 2 completed
WARN  (PR1014) : Generic routing resource will be used to clock signal 'sys_clk27_d' by the specified constraint. And then it may lead to the excessive delay or skew
WARN  (PR1014) : Generic routing resource will be used to clock signal 'ALE_n_d' by the specified constraint. And then it may lead to the excessive delay or skew
WARN  (PR1014) : Generic routing resource will be used to clock signal 'SCTL_n_d' by the specified constraint. And then it may lead to the excessive delay or skew
WARN  (PR1014) : Generic routing resource will be used to clock signal 'CLK2_d' by the specified constraint. And then it may lead to the excessive delay or skew
[90%] Routing Phase 3 completed
Running timing analysis......
[95%] Timing analysis completed
Placement and routing completed
Bitstream generation in progress......
Bitstream generation completed
Running power analysis......
[100%] Power analysis completed
Generate file "C:\wks\ework\FPGA\TangNano\20k\TangNanoDCJ11MEM\TangNanoDCJ11MEM_project.rev2pcb\impl\pnr\TangNanoDCJ11MEM_project.power.html" completed
Generate file "C:\wks\ework\FPGA\TangNano\20k\TangNanoDCJ11MEM\TangNanoDCJ11MEM_project.rev2pcb\impl\pnr\TangNanoDCJ11MEM_project.pin.html" completed
Generate file "C:\wks\ework\FPGA\TangNano\20k\TangNanoDCJ11MEM\TangNanoDCJ11MEM_project.rev2pcb\impl\pnr\TangNanoDCJ11MEM_project.rpt.html" completed
Generate file "C:\wks\ework\FPGA\TangNano\20k\TangNanoDCJ11MEM\TangNanoDCJ11MEM_project.rev2pcb\impl\pnr\TangNanoDCJ11MEM_project.rpt.txt" completed
Generate file "C:\wks\ework\FPGA\TangNano\20k\TangNanoDCJ11MEM\TangNanoDCJ11MEM_project.rev2pcb\impl\pnr\TangNanoDCJ11MEM_project.tr.html" completed
Thu Sep  4 14:28:24 2025

