GowinSynthesis start
Running parser ...
Analyzing Verilog file 'C:\wks\ework\FPGA\TangNano\20k\TangNanoDCJ11MEM\TangNanoDCJ11MEM_project\src\integer_division\integer_division.v'
Analyzing Verilog file 'C:\wks\ework\FPGA\TangNano\20k\TangNanoDCJ11MEM\TangNanoDCJ11MEM_project\src\sdhd.v'
Analyzing Verilog file 'C:\wks\ework\FPGA\TangNano\20k\TangNanoDCJ11MEM\TangNanoDCJ11MEM_project\src\top.v'
Analyzing included file 'C:\wks\ework\FPGA\TangNano\20k\TangNanoDCJ11MEM\TangNanoDCJ11MEM_project\src\rom.v'("C:\wks\ework\FPGA\TangNano\20k\TangNanoDCJ11MEM\TangNanoDCJ11MEM_project\src\top.v":705)
Back to file 'C:\wks\ework\FPGA\TangNano\20k\TangNanoDCJ11MEM\TangNanoDCJ11MEM_project\src\top.v'("C:\wks\ework\FPGA\TangNano\20k\TangNanoDCJ11MEM\TangNanoDCJ11MEM_project\src\top.v":705)
Undeclared symbol 'dma_write', assumed default net type 'wire'("C:\wks\ework\FPGA\TangNano\20k\TangNanoDCJ11MEM\TangNanoDCJ11MEM_project\src\top.v":933)
Analyzing Verilog file 'C:\wks\ework\FPGA\TangNano\20k\TangNanoDCJ11MEM\TangNanoDCJ11MEM_project\src\uart.v'
Undeclared symbol 'rx_negedge', assumed default net type 'wire'("C:\wks\ework\FPGA\TangNano\20k\TangNanoDCJ11MEM\TangNanoDCJ11MEM_project\src\uart.v":149)
Analyzing Verilog file 'C:\wks\ework\FPGA\TangNano\20k\TangNanoDCJ11MEM\TangNanoDCJ11MEM_project\src\ws2812.v'
Compiling module 'top'("C:\wks\ework\FPGA\TangNano\20k\TangNanoDCJ11MEM\TangNanoDCJ11MEM_project\src\top.v":24)
Extracting RAM for identifier 'mem_hi'("C:\wks\ework\FPGA\TangNano\20k\TangNanoDCJ11MEM\TangNanoDCJ11MEM_project\src\top.v":655)
Extracting RAM for identifier 'mem_lo'("C:\wks\ework\FPGA\TangNano\20k\TangNanoDCJ11MEM\TangNanoDCJ11MEM_project\src\top.v":656)
Compiling module 'Integer_Division_Top'("C:\wks\ework\FPGA\TangNano\20k\TangNanoDCJ11MEM\TangNanoDCJ11MEM_project\src\integer_division\integer_division.v":11544)
Compiling module '**'("C:\wks\ework\FPGA\TangNano\20k\TangNanoDCJ11MEM\TangNanoDCJ11MEM_project\src\integer_division\integer_division.v":11543)
Compiling module 'uart_rx(CLK_FRQ=27000000,BAUD_RATE=115200)'("C:\wks\ework\FPGA\TangNano\20k\TangNanoDCJ11MEM\TangNanoDCJ11MEM_project\src\uart.v":119)
Compiling module 'uart_tx(CLK_FRQ=27000000,BAUD_RATE=115200)'("C:\wks\ework\FPGA\TangNano\20k\TangNanoDCJ11MEM\TangNanoDCJ11MEM_project\src\uart.v":12)
Compiling module 'sdhd'("C:\wks\ework\FPGA\TangNano\20k\TangNanoDCJ11MEM\TangNanoDCJ11MEM_project\src\sdhd.v":9)
Extracting RAM for identifier 'read_before_write_buf'("C:\wks\ework\FPGA\TangNano\20k\TangNanoDCJ11MEM\TangNanoDCJ11MEM_project\src\sdhd.v":237)
Compiling module 'ws2812'("C:\wks\ework\FPGA\TangNano\20k\TangNanoDCJ11MEM\TangNanoDCJ11MEM_project\src\ws2812.v":5)
NOTE  (EX0101) : Current top module is "top"
[5%] Running netlist conversion ...
WARN  (CV0016) : Input sw2 is unused("C:\wks\ework\FPGA\TangNano\20k\TangNanoDCJ11MEM\TangNanoDCJ11MEM_project\src\top.v":26)
WARN  (CV0016) : Input GPIO_RX is unused("C:\wks\ework\FPGA\TangNano\20k\TangNanoDCJ11MEM\TangNanoDCJ11MEM_project\src\top.v":30)
Running device independent optimization ...
[10%] Optimizing Phase 0 completed
[15%] Optimizing Phase 1 completed
[25%] Optimizing Phase 2 completed
Running inference ...
[30%] Inferring Phase 0 completed
[40%] Inferring Phase 1 completed
[50%] Inferring Phase 2 completed
[55%] Inferring Phase 3 completed
Running technical mapping ...
[60%] Tech-Mapping Phase 0 completed
[65%] Tech-Mapping Phase 1 completed
[75%] Tech-Mapping Phase 2 completed
WARN  (AG0100) : Find logical loop signal : "n18183_s"("C:\wks\ework\FPGA\TangNano\20k\TangNanoDCJ11MEM\TangNanoDCJ11MEM_project\src\top.v":860)
WARN  (AG0100) : Find logical loop signal : "REG_KW11L_INT_ENABLE_s5"("C:\wks\ework\FPGA\TangNano\20k\TangNanoDCJ11MEM\TangNanoDCJ11MEM_project\src\top.v":860)
WARN  (AG0100) : Find logical loop signal : "REG_KW11L_INT_ENABLE_s6"("C:\wks\ework\FPGA\TangNano\20k\TangNanoDCJ11MEM\TangNanoDCJ11MEM_project\src\top.v":860)
WARN  (AG0100) : Find logical loop signal : "REG_KW11L_INT_ENABLE_s3"("C:\wks\ework\FPGA\TangNano\20k\TangNanoDCJ11MEM\TangNanoDCJ11MEM_project\src\top.v":860)
WARN  (AG0100) : Find logical loop signal : "REG_KW11L_INT_ENABLE_s2"("C:\wks\ework\FPGA\TangNano\20k\TangNanoDCJ11MEM\TangNanoDCJ11MEM_project\src\top.v":860)
WARN  (AG0100) : Find logical loop signal : "n6311_s"("C:\wks\ework\FPGA\TangNano\20k\TangNanoDCJ11MEM\TangNanoDCJ11MEM_project\src\top.v":857)
WARN  (AG0100) : Find logical loop signal : "n6320_s0"("C:\wks\ework\FPGA\TangNano\20k\TangNanoDCJ11MEM\TangNanoDCJ11MEM_project\src\top.v":860)
WARN  (AG0100) : Find logical loop signal : "n18183_s"("C:\wks\ework\FPGA\TangNano\20k\TangNanoDCJ11MEM\TangNanoDCJ11MEM_project\src\top.v":860)
WARN  (AG0101) : The netlist is not one directed acyclic graph
WARN  (AG0100) : Find logical loop signal : "n6311_s"("C:\wks\ework\FPGA\TangNano\20k\TangNanoDCJ11MEM\TangNanoDCJ11MEM_project\src\top.v":857)
WARN  (AG0100) : Find logical loop signal : "n6320_s0"("C:\wks\ework\FPGA\TangNano\20k\TangNanoDCJ11MEM\TangNanoDCJ11MEM_project\src\top.v":860)
WARN  (AG0100) : Find logical loop signal : "n18185_s"("C:\wks\ework\FPGA\TangNano\20k\TangNanoDCJ11MEM\TangNanoDCJ11MEM_project\src\top.v":860)
WARN  (AG0100) : Find logical loop signal : "REG_KW11L_INT_ENABLE_s5"("C:\wks\ework\FPGA\TangNano\20k\TangNanoDCJ11MEM\TangNanoDCJ11MEM_project\src\top.v":860)
WARN  (AG0100) : Find logical loop signal : "REG_KW11L_INT_ENABLE_s6"("C:\wks\ework\FPGA\TangNano\20k\TangNanoDCJ11MEM\TangNanoDCJ11MEM_project\src\top.v":860)
WARN  (AG0100) : Find logical loop signal : "REG_KW11L_INT_ENABLE_s3"("C:\wks\ework\FPGA\TangNano\20k\TangNanoDCJ11MEM\TangNanoDCJ11MEM_project\src\top.v":860)
WARN  (AG0100) : Find logical loop signal : "REG_KW11L_INT_ENABLE_s2"("C:\wks\ework\FPGA\TangNano\20k\TangNanoDCJ11MEM\TangNanoDCJ11MEM_project\src\top.v":860)
WARN  (AG0100) : Find logical loop signal : "n6311_s"("C:\wks\ework\FPGA\TangNano\20k\TangNanoDCJ11MEM\TangNanoDCJ11MEM_project\src\top.v":857)
WARN  (AG0101) : The netlist is not one directed acyclic graph
WARN  (AG0100) : Find logical loop signal : "n18189_s"("C:\wks\ework\FPGA\TangNano\20k\TangNanoDCJ11MEM\TangNanoDCJ11MEM_project\src\top.v":860)
WARN  (AG0100) : Find logical loop signal : "REG_KW11L_INT_MONITOR_s5"("C:\wks\ework\FPGA\TangNano\20k\TangNanoDCJ11MEM\TangNanoDCJ11MEM_project\src\top.v":860)
WARN  (AG0100) : Find logical loop signal : "REG_KW11L_INT_MONITOR_s6"("C:\wks\ework\FPGA\TangNano\20k\TangNanoDCJ11MEM\TangNanoDCJ11MEM_project\src\top.v":860)
WARN  (AG0100) : Find logical loop signal : "REG_KW11L_INT_MONITOR_s3"("C:\wks\ework\FPGA\TangNano\20k\TangNanoDCJ11MEM\TangNanoDCJ11MEM_project\src\top.v":860)
WARN  (AG0100) : Find logical loop signal : "REG_KW11L_INT_MONITOR_s7"("C:\wks\ework\FPGA\TangNano\20k\TangNanoDCJ11MEM\TangNanoDCJ11MEM_project\src\top.v":860)
WARN  (AG0100) : Find logical loop signal : "n6316_s0"("C:\wks\ework\FPGA\TangNano\20k\TangNanoDCJ11MEM\TangNanoDCJ11MEM_project\src\top.v":857)
WARN  (AG0100) : Find logical loop signal : "n6322_s0"("C:\wks\ework\FPGA\TangNano\20k\TangNanoDCJ11MEM\TangNanoDCJ11MEM_project\src\top.v":860)
WARN  (AG0100) : Find logical loop signal : "n18189_s"("C:\wks\ework\FPGA\TangNano\20k\TangNanoDCJ11MEM\TangNanoDCJ11MEM_project\src\top.v":860)
WARN  (AG0101) : The netlist is not one directed acyclic graph
WARN  (AG0100) : Find logical loop signal : "n18191_s"("C:\wks\ework\FPGA\TangNano\20k\TangNanoDCJ11MEM\TangNanoDCJ11MEM_project\src\top.v":860)
WARN  (AG0100) : Find logical loop signal : "REG_KW11L_INT_MONITOR_s5"("C:\wks\ework\FPGA\TangNano\20k\TangNanoDCJ11MEM\TangNanoDCJ11MEM_project\src\top.v":860)
WARN  (AG0100) : Find logical loop signal : "REG_KW11L_INT_MONITOR_s6"("C:\wks\ework\FPGA\TangNano\20k\TangNanoDCJ11MEM\TangNanoDCJ11MEM_project\src\top.v":860)
WARN  (AG0100) : Find logical loop signal : "REG_KW11L_INT_MONITOR_s3"("C:\wks\ework\FPGA\TangNano\20k\TangNanoDCJ11MEM\TangNanoDCJ11MEM_project\src\top.v":860)
WARN  (AG0100) : Find logical loop signal : "REG_KW11L_INT_MONITOR_s7"("C:\wks\ework\FPGA\TangNano\20k\TangNanoDCJ11MEM\TangNanoDCJ11MEM_project\src\top.v":860)
WARN  (AG0100) : Find logical loop signal : "n6316_s0"("C:\wks\ework\FPGA\TangNano\20k\TangNanoDCJ11MEM\TangNanoDCJ11MEM_project\src\top.v":857)
WARN  (AG0100) : Find logical loop signal : "n6322_s0"("C:\wks\ework\FPGA\TangNano\20k\TangNanoDCJ11MEM\TangNanoDCJ11MEM_project\src\top.v":860)
WARN  (AG0100) : Find logical loop signal : "n18191_s"("C:\wks\ework\FPGA\TangNano\20k\TangNanoDCJ11MEM\TangNanoDCJ11MEM_project\src\top.v":860)
WARN  (AG0101) : The netlist is not one directed acyclic graph
WARN  (AG0100) : Find logical loop signal : "REG_KW11L_INT_ENABLE_s3"("C:\wks\ework\FPGA\TangNano\20k\TangNanoDCJ11MEM\TangNanoDCJ11MEM_project\src\top.v":860)
WARN  (AG0100) : Find logical loop signal : "REG_KW11L_INT_ENABLE_s6"("C:\wks\ework\FPGA\TangNano\20k\TangNanoDCJ11MEM\TangNanoDCJ11MEM_project\src\top.v":860)
WARN  (AG0100) : Find logical loop signal : "REG_KW11L_INT_ENABLE_s3"("C:\wks\ework\FPGA\TangNano\20k\TangNanoDCJ11MEM\TangNanoDCJ11MEM_project\src\top.v":860)
WARN  (AG0101) : The netlist is not one directed acyclic graph
WARN  (AG0100) : Find logical loop signal : "REG_KW11L_INT_MONITOR_s3"("C:\wks\ework\FPGA\TangNano\20k\TangNanoDCJ11MEM\TangNanoDCJ11MEM_project\src\top.v":860)
WARN  (AG0100) : Find logical loop signal : "REG_KW11L_INT_MONITOR_s6"("C:\wks\ework\FPGA\TangNano\20k\TangNanoDCJ11MEM\TangNanoDCJ11MEM_project\src\top.v":860)
WARN  (AG0100) : Find logical loop signal : "REG_KW11L_INT_MONITOR_s3"("C:\wks\ework\FPGA\TangNano\20k\TangNanoDCJ11MEM\TangNanoDCJ11MEM_project\src\top.v":860)
WARN  (AG0101) : The netlist is not one directed acyclic graph
[80%] Tech-Mapping Phase 3 completed
[90%] Tech-Mapping Phase 4 completed
[95%] Generate netlist file "C:\wks\ework\FPGA\TangNano\20k\TangNanoDCJ11MEM\TangNanoDCJ11MEM_project\impl\gwsynthesis\TangNanoDCJ11MEM_project.vg" completed
[100%] Generate report file "C:\wks\ework\FPGA\TangNano\20k\TangNanoDCJ11MEM\TangNanoDCJ11MEM_project\impl\gwsynthesis\TangNanoDCJ11MEM_project_syn.rpt.html" completed
GowinSynthesis finish
