GowinSynthesis start
Running parser ...
Analyzing Verilog file 'C:\wks\ework\FPGA\TangNano\20k\TangNanoDCJ11MEM\TangNanoDCJ11MEM_project\src\integer_division\integer_division.v'
Analyzing Verilog file 'C:\wks\ework\FPGA\TangNano\20k\TangNanoDCJ11MEM\TangNanoDCJ11MEM_project\src\sdhd.v'
Analyzing Verilog file 'C:\wks\ework\FPGA\TangNano\20k\TangNanoDCJ11MEM\TangNanoDCJ11MEM_project\src\top.v'
Analyzing included file 'C:\wks\ework\FPGA\TangNano\20k\TangNanoDCJ11MEM\TangNanoDCJ11MEM_project\src\rom.v'("C:\wks\ework\FPGA\TangNano\20k\TangNanoDCJ11MEM\TangNanoDCJ11MEM_project\src\top.v":662)
Back to file 'C:\wks\ework\FPGA\TangNano\20k\TangNanoDCJ11MEM\TangNanoDCJ11MEM_project\src\top.v'("C:\wks\ework\FPGA\TangNano\20k\TangNanoDCJ11MEM\TangNanoDCJ11MEM_project\src\top.v":662)
Undeclared symbol 'dma_write', assumed default net type 'wire'("C:\wks\ework\FPGA\TangNano\20k\TangNanoDCJ11MEM\TangNanoDCJ11MEM_project\src\top.v":850)
Analyzing Verilog file 'C:\wks\ework\FPGA\TangNano\20k\TangNanoDCJ11MEM\TangNanoDCJ11MEM_project\src\uart.v'
Undeclared symbol 'rx_negedge', assumed default net type 'wire'("C:\wks\ework\FPGA\TangNano\20k\TangNanoDCJ11MEM\TangNanoDCJ11MEM_project\src\uart.v":149)
Analyzing Verilog file 'C:\wks\ework\FPGA\TangNano\20k\TangNanoDCJ11MEM\TangNanoDCJ11MEM_project\src\ws2812.v'
Compiling module 'top'("C:\wks\ework\FPGA\TangNano\20k\TangNanoDCJ11MEM\TangNanoDCJ11MEM_project\src\top.v":21)
Extracting RAM for identifier 'mem_hi'("C:\wks\ework\FPGA\TangNano\20k\TangNanoDCJ11MEM\TangNanoDCJ11MEM_project\src\top.v":612)
Extracting RAM for identifier 'mem_lo'("C:\wks\ework\FPGA\TangNano\20k\TangNanoDCJ11MEM\TangNanoDCJ11MEM_project\src\top.v":613)
Compiling module 'Integer_Division_Top'("C:\wks\ework\FPGA\TangNano\20k\TangNanoDCJ11MEM\TangNanoDCJ11MEM_project\src\integer_division\integer_division.v":11544)
Compiling module '**'("C:\wks\ework\FPGA\TangNano\20k\TangNanoDCJ11MEM\TangNanoDCJ11MEM_project\src\integer_division\integer_division.v":11543)
Compiling module 'uart_rx(CLK_FRQ=27000000,BAUD_RATE=115200)'("C:\wks\ework\FPGA\TangNano\20k\TangNanoDCJ11MEM\TangNanoDCJ11MEM_project\src\uart.v":119)
Compiling module 'uart_tx(CLK_FRQ=27000000,BAUD_RATE=115200)'("C:\wks\ework\FPGA\TangNano\20k\TangNanoDCJ11MEM\TangNanoDCJ11MEM_project\src\uart.v":12)
Compiling module 'sdhd'("C:\wks\ework\FPGA\TangNano\20k\TangNanoDCJ11MEM\TangNanoDCJ11MEM_project\src\sdhd.v":8)
Compiling module 'ws2812'("C:\wks\ework\FPGA\TangNano\20k\TangNanoDCJ11MEM\TangNanoDCJ11MEM_project\src\ws2812.v":5)
NOTE  (EX0101) : Current top module is "top"
[5%] Running netlist conversion ...
WARN  (CV0016) : Input sw2 is unused("C:\wks\ework\FPGA\TangNano\20k\TangNanoDCJ11MEM\TangNanoDCJ11MEM_project\src\top.v":23)
Running device independent optimization ...
[10%] Optimizing Phase 0 completed
[15%] Optimizing Phase 1 completed
[25%] Optimizing Phase 2 completed
Running inference ...
[30%] Inferring Phase 0 completed
[40%] Inferring Phase 1 completed
[50%] Inferring Phase 2 completed
[55%] Inferring Phase 3 completed
Running technical mapping ...
[60%] Tech-Mapping Phase 0 completed
[65%] Tech-Mapping Phase 1 completed
[75%] Tech-Mapping Phase 2 completed
WARN  (AG0100) : Find logical loop signal : "n5748_s"("C:\wks\ework\FPGA\TangNano\20k\TangNanoDCJ11MEM\TangNanoDCJ11MEM_project\src\top.v":492)
WARN  (AG0100) : Find logical loop signal : "REG_KE_MQ_15_s5"("C:\wks\ework\FPGA\TangNano\20k\TangNanoDCJ11MEM\TangNanoDCJ11MEM_project\src\top.v":492)
WARN  (AG0100) : Find logical loop signal : "REG_KE_MQ_15_s6"("C:\wks\ework\FPGA\TangNano\20k\TangNanoDCJ11MEM\TangNanoDCJ11MEM_project\src\top.v":492)
WARN  (AG0100) : Find logical loop signal : "REG_KE_MQ_15_s3"("C:\wks\ework\FPGA\TangNano\20k\TangNanoDCJ11MEM\TangNanoDCJ11MEM_project\src\top.v":492)
WARN  (AG0100) : Find logical loop signal : "REG_KE_MQ_15_s2"("C:\wks\ework\FPGA\TangNano\20k\TangNanoDCJ11MEM\TangNanoDCJ11MEM_project\src\top.v":492)
WARN  (AG0100) : Find logical loop signal : "n1913_s"("C:\wks\ework\FPGA\TangNano\20k\TangNanoDCJ11MEM\TangNanoDCJ11MEM_project\src\top.v":431)
WARN  (AG0100) : Find logical loop signal : "n2710_s0"("C:\wks\ework\FPGA\TangNano\20k\TangNanoDCJ11MEM\TangNanoDCJ11MEM_project\src\top.v":492)
WARN  (AG0100) : Find logical loop signal : "n5748_s"("C:\wks\ework\FPGA\TangNano\20k\TangNanoDCJ11MEM\TangNanoDCJ11MEM_project\src\top.v":492)
WARN  (AG0101) : The netlist is not one directed acyclic graph
WARN  (AG0100) : Find logical loop signal : "n2708_s0"("C:\wks\ework\FPGA\TangNano\20k\TangNanoDCJ11MEM\TangNanoDCJ11MEM_project\src\top.v":431)
WARN  (AG0100) : Find logical loop signal : "n5878_s"("C:\wks\ework\FPGA\TangNano\20k\TangNanoDCJ11MEM\TangNanoDCJ11MEM_project\src\top.v":492)
WARN  (AG0100) : Find logical loop signal : "div_execute_s5"("C:\wks\ework\FPGA\TangNano\20k\TangNanoDCJ11MEM\TangNanoDCJ11MEM_project\src\top.v":492)
WARN  (AG0100) : Find logical loop signal : "div_execute_s6"("C:\wks\ework\FPGA\TangNano\20k\TangNanoDCJ11MEM\TangNanoDCJ11MEM_project\src\top.v":492)
WARN  (AG0100) : Find logical loop signal : "div_execute_s3"("C:\wks\ework\FPGA\TangNano\20k\TangNanoDCJ11MEM\TangNanoDCJ11MEM_project\src\top.v":492)
WARN  (AG0100) : Find logical loop signal : "div_execute_s2"("C:\wks\ework\FPGA\TangNano\20k\TangNanoDCJ11MEM\TangNanoDCJ11MEM_project\src\top.v":492)
WARN  (AG0100) : Find logical loop signal : "n2708_s0"("C:\wks\ework\FPGA\TangNano\20k\TangNanoDCJ11MEM\TangNanoDCJ11MEM_project\src\top.v":431)
WARN  (AG0101) : The netlist is not one directed acyclic graph
WARN  (AG0100) : Find logical loop signal : "n1944_s"("C:\wks\ework\FPGA\TangNano\20k\TangNanoDCJ11MEM\TangNanoDCJ11MEM_project\src\top.v":431)
WARN  (AG0100) : Find logical loop signal : "n2772_s0"("C:\wks\ework\FPGA\TangNano\20k\TangNanoDCJ11MEM\TangNanoDCJ11MEM_project\src\top.v":492)
WARN  (AG0100) : Find logical loop signal : "n5874_s"("C:\wks\ework\FPGA\TangNano\20k\TangNanoDCJ11MEM\TangNanoDCJ11MEM_project\src\top.v":492)
WARN  (AG0100) : Find logical loop signal : "REG_KE_AC_0_s5"("C:\wks\ework\FPGA\TangNano\20k\TangNanoDCJ11MEM\TangNanoDCJ11MEM_project\src\top.v":492)
WARN  (AG0100) : Find logical loop signal : "REG_KE_AC_0_s6"("C:\wks\ework\FPGA\TangNano\20k\TangNanoDCJ11MEM\TangNanoDCJ11MEM_project\src\top.v":492)
WARN  (AG0100) : Find logical loop signal : "REG_KE_AC_0_s3"("C:\wks\ework\FPGA\TangNano\20k\TangNanoDCJ11MEM\TangNanoDCJ11MEM_project\src\top.v":492)
WARN  (AG0100) : Find logical loop signal : "REG_KE_AC_0_s2"("C:\wks\ework\FPGA\TangNano\20k\TangNanoDCJ11MEM\TangNanoDCJ11MEM_project\src\top.v":492)
WARN  (AG0100) : Find logical loop signal : "n1944_s"("C:\wks\ework\FPGA\TangNano\20k\TangNanoDCJ11MEM\TangNanoDCJ11MEM_project\src\top.v":431)
WARN  (AG0101) : The netlist is not one directed acyclic graph
WARN  (AG0100) : Find logical loop signal : "n1943_s"("C:\wks\ework\FPGA\TangNano\20k\TangNanoDCJ11MEM\TangNanoDCJ11MEM_project\src\top.v":431)
WARN  (AG0100) : Find logical loop signal : "n2770_s0"("C:\wks\ework\FPGA\TangNano\20k\TangNanoDCJ11MEM\TangNanoDCJ11MEM_project\src\top.v":492)
WARN  (AG0100) : Find logical loop signal : "n5870_s"("C:\wks\ework\FPGA\TangNano\20k\TangNanoDCJ11MEM\TangNanoDCJ11MEM_project\src\top.v":492)
WARN  (AG0100) : Find logical loop signal : "REG_KE_AC_1_s5"("C:\wks\ework\FPGA\TangNano\20k\TangNanoDCJ11MEM\TangNanoDCJ11MEM_project\src\top.v":492)
WARN  (AG0100) : Find logical loop signal : "REG_KE_AC_1_s6"("C:\wks\ework\FPGA\TangNano\20k\TangNanoDCJ11MEM\TangNanoDCJ11MEM_project\src\top.v":492)
WARN  (AG0100) : Find logical loop signal : "REG_KE_AC_1_s3"("C:\wks\ework\FPGA\TangNano\20k\TangNanoDCJ11MEM\TangNanoDCJ11MEM_project\src\top.v":492)
WARN  (AG0100) : Find logical loop signal : "REG_KE_AC_1_s2"("C:\wks\ework\FPGA\TangNano\20k\TangNanoDCJ11MEM\TangNanoDCJ11MEM_project\src\top.v":492)
WARN  (AG0100) : Find logical loop signal : "n1943_s"("C:\wks\ework\FPGA\TangNano\20k\TangNanoDCJ11MEM\TangNanoDCJ11MEM_project\src\top.v":431)
WARN  (AG0101) : The netlist is not one directed acyclic graph
WARN  (AG0100) : Find logical loop signal : "n1942_s"("C:\wks\ework\FPGA\TangNano\20k\TangNanoDCJ11MEM\TangNanoDCJ11MEM_project\src\top.v":431)
WARN  (AG0100) : Find logical loop signal : "n2768_s0"("C:\wks\ework\FPGA\TangNano\20k\TangNanoDCJ11MEM\TangNanoDCJ11MEM_project\src\top.v":492)
WARN  (AG0100) : Find logical loop signal : "n5866_s"("C:\wks\ework\FPGA\TangNano\20k\TangNanoDCJ11MEM\TangNanoDCJ11MEM_project\src\top.v":492)
WARN  (AG0100) : Find logical loop signal : "REG_KE_AC_2_s5"("C:\wks\ework\FPGA\TangNano\20k\TangNanoDCJ11MEM\TangNanoDCJ11MEM_project\src\top.v":492)
WARN  (AG0100) : Find logical loop signal : "REG_KE_AC_2_s6"("C:\wks\ework\FPGA\TangNano\20k\TangNanoDCJ11MEM\TangNanoDCJ11MEM_project\src\top.v":492)
WARN  (AG0100) : Find logical loop signal : "REG_KE_AC_2_s3"("C:\wks\ework\FPGA\TangNano\20k\TangNanoDCJ11MEM\TangNanoDCJ11MEM_project\src\top.v":492)
WARN  (AG0100) : Find logical loop signal : "REG_KE_AC_2_s2"("C:\wks\ework\FPGA\TangNano\20k\TangNanoDCJ11MEM\TangNanoDCJ11MEM_project\src\top.v":492)
WARN  (AG0100) : Find logical loop signal : "n1942_s"("C:\wks\ework\FPGA\TangNano\20k\TangNanoDCJ11MEM\TangNanoDCJ11MEM_project\src\top.v":431)
WARN  (AG0101) : The netlist is not one directed acyclic graph
WARN  (AG0100) : Find logical loop signal : "n1941_s"("C:\wks\ework\FPGA\TangNano\20k\TangNanoDCJ11MEM\TangNanoDCJ11MEM_project\src\top.v":431)
WARN  (AG0100) : Find logical loop signal : "n2766_s0"("C:\wks\ework\FPGA\TangNano\20k\TangNanoDCJ11MEM\TangNanoDCJ11MEM_project\src\top.v":492)
WARN  (AG0100) : Find logical loop signal : "n5862_s"("C:\wks\ework\FPGA\TangNano\20k\TangNanoDCJ11MEM\TangNanoDCJ11MEM_project\src\top.v":492)
WARN  (AG0100) : Find logical loop signal : "REG_KE_AC_3_s5"("C:\wks\ework\FPGA\TangNano\20k\TangNanoDCJ11MEM\TangNanoDCJ11MEM_project\src\top.v":492)
WARN  (AG0100) : Find logical loop signal : "REG_KE_AC_3_s6"("C:\wks\ework\FPGA\TangNano\20k\TangNanoDCJ11MEM\TangNanoDCJ11MEM_project\src\top.v":492)
WARN  (AG0100) : Find logical loop signal : "REG_KE_AC_3_s3"("C:\wks\ework\FPGA\TangNano\20k\TangNanoDCJ11MEM\TangNanoDCJ11MEM_project\src\top.v":492)
WARN  (AG0100) : Find logical loop signal : "REG_KE_AC_3_s2"("C:\wks\ework\FPGA\TangNano\20k\TangNanoDCJ11MEM\TangNanoDCJ11MEM_project\src\top.v":492)
WARN  (AG0100) : Find logical loop signal : "n1941_s"("C:\wks\ework\FPGA\TangNano\20k\TangNanoDCJ11MEM\TangNanoDCJ11MEM_project\src\top.v":431)
WARN  (AG0101) : The netlist is not one directed acyclic graph
WARN  (AG0100) : Find logical loop signal : "n1940_s"("C:\wks\ework\FPGA\TangNano\20k\TangNanoDCJ11MEM\TangNanoDCJ11MEM_project\src\top.v":431)
WARN  (AG0100) : Find logical loop signal : "n2764_s0"("C:\wks\ework\FPGA\TangNano\20k\TangNanoDCJ11MEM\TangNanoDCJ11MEM_project\src\top.v":492)
WARN  (AG0100) : Find logical loop signal : "n5858_s"("C:\wks\ework\FPGA\TangNano\20k\TangNanoDCJ11MEM\TangNanoDCJ11MEM_project\src\top.v":492)
WARN  (AG0100) : Find logical loop signal : "REG_KE_AC_4_s5"("C:\wks\ework\FPGA\TangNano\20k\TangNanoDCJ11MEM\TangNanoDCJ11MEM_project\src\top.v":492)
WARN  (AG0100) : Find logical loop signal : "REG_KE_AC_4_s6"("C:\wks\ework\FPGA\TangNano\20k\TangNanoDCJ11MEM\TangNanoDCJ11MEM_project\src\top.v":492)
WARN  (AG0100) : Find logical loop signal : "REG_KE_AC_4_s3"("C:\wks\ework\FPGA\TangNano\20k\TangNanoDCJ11MEM\TangNanoDCJ11MEM_project\src\top.v":492)
WARN  (AG0100) : Find logical loop signal : "REG_KE_AC_4_s2"("C:\wks\ework\FPGA\TangNano\20k\TangNanoDCJ11MEM\TangNanoDCJ11MEM_project\src\top.v":492)
WARN  (AG0100) : Find logical loop signal : "n1940_s"("C:\wks\ework\FPGA\TangNano\20k\TangNanoDCJ11MEM\TangNanoDCJ11MEM_project\src\top.v":431)
WARN  (AG0101) : The netlist is not one directed acyclic graph
WARN  (AG0100) : Find logical loop signal : "n1939_s"("C:\wks\ework\FPGA\TangNano\20k\TangNanoDCJ11MEM\TangNanoDCJ11MEM_project\src\top.v":431)
WARN  (AG0100) : Find logical loop signal : "n2762_s0"("C:\wks\ework\FPGA\TangNano\20k\TangNanoDCJ11MEM\TangNanoDCJ11MEM_project\src\top.v":492)
WARN  (AG0100) : Find logical loop signal : "n5854_s"("C:\wks\ework\FPGA\TangNano\20k\TangNanoDCJ11MEM\TangNanoDCJ11MEM_project\src\top.v":492)
WARN  (AG0100) : Find logical loop signal : "REG_KE_AC_5_s5"("C:\wks\ework\FPGA\TangNano\20k\TangNanoDCJ11MEM\TangNanoDCJ11MEM_project\src\top.v":492)
WARN  (AG0100) : Find logical loop signal : "REG_KE_AC_5_s6"("C:\wks\ework\FPGA\TangNano\20k\TangNanoDCJ11MEM\TangNanoDCJ11MEM_project\src\top.v":492)
WARN  (AG0100) : Find logical loop signal : "REG_KE_AC_5_s3"("C:\wks\ework\FPGA\TangNano\20k\TangNanoDCJ11MEM\TangNanoDCJ11MEM_project\src\top.v":492)
WARN  (AG0100) : Find logical loop signal : "REG_KE_AC_5_s2"("C:\wks\ework\FPGA\TangNano\20k\TangNanoDCJ11MEM\TangNanoDCJ11MEM_project\src\top.v":492)
WARN  (AG0100) : Find logical loop signal : "n1939_s"("C:\wks\ework\FPGA\TangNano\20k\TangNanoDCJ11MEM\TangNanoDCJ11MEM_project\src\top.v":431)
WARN  (AG0101) : The netlist is not one directed acyclic graph
WARN  (AG0100) : Find logical loop signal : "n1938_s"("C:\wks\ework\FPGA\TangNano\20k\TangNanoDCJ11MEM\TangNanoDCJ11MEM_project\src\top.v":431)
WARN  (AG0100) : Find logical loop signal : "n2760_s0"("C:\wks\ework\FPGA\TangNano\20k\TangNanoDCJ11MEM\TangNanoDCJ11MEM_project\src\top.v":492)
WARN  (AG0100) : Find logical loop signal : "n5850_s"("C:\wks\ework\FPGA\TangNano\20k\TangNanoDCJ11MEM\TangNanoDCJ11MEM_project\src\top.v":492)
WARN  (AG0100) : Find logical loop signal : "REG_KE_AC_6_s5"("C:\wks\ework\FPGA\TangNano\20k\TangNanoDCJ11MEM\TangNanoDCJ11MEM_project\src\top.v":492)
WARN  (AG0100) : Find logical loop signal : "REG_KE_AC_6_s6"("C:\wks\ework\FPGA\TangNano\20k\TangNanoDCJ11MEM\TangNanoDCJ11MEM_project\src\top.v":492)
WARN  (AG0100) : Find logical loop signal : "REG_KE_AC_6_s3"("C:\wks\ework\FPGA\TangNano\20k\TangNanoDCJ11MEM\TangNanoDCJ11MEM_project\src\top.v":492)
WARN  (AG0100) : Find logical loop signal : "REG_KE_AC_6_s2"("C:\wks\ework\FPGA\TangNano\20k\TangNanoDCJ11MEM\TangNanoDCJ11MEM_project\src\top.v":492)
WARN  (AG0100) : Find logical loop signal : "n1938_s"("C:\wks\ework\FPGA\TangNano\20k\TangNanoDCJ11MEM\TangNanoDCJ11MEM_project\src\top.v":431)
WARN  (AG0101) : The netlist is not one directed acyclic graph
WARN  (AG0100) : Find logical loop signal : "n1937_s"("C:\wks\ework\FPGA\TangNano\20k\TangNanoDCJ11MEM\TangNanoDCJ11MEM_project\src\top.v":431)
WARN  (AG0100) : Find logical loop signal : "n2758_s0"("C:\wks\ework\FPGA\TangNano\20k\TangNanoDCJ11MEM\TangNanoDCJ11MEM_project\src\top.v":492)
WARN  (AG0100) : Find logical loop signal : "n5846_s"("C:\wks\ework\FPGA\TangNano\20k\TangNanoDCJ11MEM\TangNanoDCJ11MEM_project\src\top.v":492)
WARN  (AG0100) : Find logical loop signal : "REG_KE_AC_7_s5"("C:\wks\ework\FPGA\TangNano\20k\TangNanoDCJ11MEM\TangNanoDCJ11MEM_project\src\top.v":492)
WARN  (AG0100) : Find logical loop signal : "REG_KE_AC_7_s6"("C:\wks\ework\FPGA\TangNano\20k\TangNanoDCJ11MEM\TangNanoDCJ11MEM_project\src\top.v":492)
WARN  (AG0100) : Find logical loop signal : "REG_KE_AC_7_s3"("C:\wks\ework\FPGA\TangNano\20k\TangNanoDCJ11MEM\TangNanoDCJ11MEM_project\src\top.v":492)
WARN  (AG0100) : Find logical loop signal : "REG_KE_AC_7_s2"("C:\wks\ework\FPGA\TangNano\20k\TangNanoDCJ11MEM\TangNanoDCJ11MEM_project\src\top.v":492)
WARN  (AG0100) : Find logical loop signal : "n1937_s"("C:\wks\ework\FPGA\TangNano\20k\TangNanoDCJ11MEM\TangNanoDCJ11MEM_project\src\top.v":431)
WARN  (AG0101) : The netlist is not one directed acyclic graph
WARN  (AG0100) : Find logical loop signal : "n1936_s"("C:\wks\ework\FPGA\TangNano\20k\TangNanoDCJ11MEM\TangNanoDCJ11MEM_project\src\top.v":431)
WARN  (AG0100) : Find logical loop signal : "n2756_s0"("C:\wks\ework\FPGA\TangNano\20k\TangNanoDCJ11MEM\TangNanoDCJ11MEM_project\src\top.v":492)
WARN  (AG0100) : Find logical loop signal : "n5842_s"("C:\wks\ework\FPGA\TangNano\20k\TangNanoDCJ11MEM\TangNanoDCJ11MEM_project\src\top.v":492)
WARN  (AG0100) : Find logical loop signal : "REG_KE_AC_8_s5"("C:\wks\ework\FPGA\TangNano\20k\TangNanoDCJ11MEM\TangNanoDCJ11MEM_project\src\top.v":492)
WARN  (AG0100) : Find logical loop signal : "REG_KE_AC_8_s6"("C:\wks\ework\FPGA\TangNano\20k\TangNanoDCJ11MEM\TangNanoDCJ11MEM_project\src\top.v":492)
WARN  (AG0100) : Find logical loop signal : "REG_KE_AC_8_s3"("C:\wks\ework\FPGA\TangNano\20k\TangNanoDCJ11MEM\TangNanoDCJ11MEM_project\src\top.v":492)
WARN  (AG0100) : Find logical loop signal : "REG_KE_AC_8_s2"("C:\wks\ework\FPGA\TangNano\20k\TangNanoDCJ11MEM\TangNanoDCJ11MEM_project\src\top.v":492)
WARN  (AG0100) : Find logical loop signal : "n1936_s"("C:\wks\ework\FPGA\TangNano\20k\TangNanoDCJ11MEM\TangNanoDCJ11MEM_project\src\top.v":431)
WARN  (AG0101) : The netlist is not one directed acyclic graph
WARN  (AG0100) : Find logical loop signal : "n1935_s"("C:\wks\ework\FPGA\TangNano\20k\TangNanoDCJ11MEM\TangNanoDCJ11MEM_project\src\top.v":431)
WARN  (AG0100) : Find logical loop signal : "n2754_s0"("C:\wks\ework\FPGA\TangNano\20k\TangNanoDCJ11MEM\TangNanoDCJ11MEM_project\src\top.v":492)
WARN  (AG0100) : Find logical loop signal : "n5838_s"("C:\wks\ework\FPGA\TangNano\20k\TangNanoDCJ11MEM\TangNanoDCJ11MEM_project\src\top.v":492)
WARN  (AG0100) : Find logical loop signal : "REG_KE_AC_9_s5"("C:\wks\ework\FPGA\TangNano\20k\TangNanoDCJ11MEM\TangNanoDCJ11MEM_project\src\top.v":492)
WARN  (AG0100) : Find logical loop signal : "REG_KE_AC_9_s6"("C:\wks\ework\FPGA\TangNano\20k\TangNanoDCJ11MEM\TangNanoDCJ11MEM_project\src\top.v":492)
WARN  (AG0100) : Find logical loop signal : "REG_KE_AC_9_s3"("C:\wks\ework\FPGA\TangNano\20k\TangNanoDCJ11MEM\TangNanoDCJ11MEM_project\src\top.v":492)
WARN  (AG0100) : Find logical loop signal : "REG_KE_AC_9_s2"("C:\wks\ework\FPGA\TangNano\20k\TangNanoDCJ11MEM\TangNanoDCJ11MEM_project\src\top.v":492)
WARN  (AG0100) : Find logical loop signal : "n1935_s"("C:\wks\ework\FPGA\TangNano\20k\TangNanoDCJ11MEM\TangNanoDCJ11MEM_project\src\top.v":431)
WARN  (AG0101) : The netlist is not one directed acyclic graph
WARN  (AG0100) : Find logical loop signal : "n1934_s"("C:\wks\ework\FPGA\TangNano\20k\TangNanoDCJ11MEM\TangNanoDCJ11MEM_project\src\top.v":431)
WARN  (AG0100) : Find logical loop signal : "n2752_s0"("C:\wks\ework\FPGA\TangNano\20k\TangNanoDCJ11MEM\TangNanoDCJ11MEM_project\src\top.v":492)
WARN  (AG0100) : Find logical loop signal : "n5834_s"("C:\wks\ework\FPGA\TangNano\20k\TangNanoDCJ11MEM\TangNanoDCJ11MEM_project\src\top.v":492)
WARN  (AG0100) : Find logical loop signal : "REG_KE_AC_10_s5"("C:\wks\ework\FPGA\TangNano\20k\TangNanoDCJ11MEM\TangNanoDCJ11MEM_project\src\top.v":492)
WARN  (AG0100) : Find logical loop signal : "REG_KE_AC_10_s6"("C:\wks\ework\FPGA\TangNano\20k\TangNanoDCJ11MEM\TangNanoDCJ11MEM_project\src\top.v":492)
WARN  (AG0100) : Find logical loop signal : "REG_KE_AC_10_s3"("C:\wks\ework\FPGA\TangNano\20k\TangNanoDCJ11MEM\TangNanoDCJ11MEM_project\src\top.v":492)
WARN  (AG0100) : Find logical loop signal : "REG_KE_AC_10_s2"("C:\wks\ework\FPGA\TangNano\20k\TangNanoDCJ11MEM\TangNanoDCJ11MEM_project\src\top.v":492)
WARN  (AG0100) : Find logical loop signal : "n1934_s"("C:\wks\ework\FPGA\TangNano\20k\TangNanoDCJ11MEM\TangNanoDCJ11MEM_project\src\top.v":431)
WARN  (AG0101) : The netlist is not one directed acyclic graph
WARN  (AG0100) : Find logical loop signal : "n1933_s"("C:\wks\ework\FPGA\TangNano\20k\TangNanoDCJ11MEM\TangNanoDCJ11MEM_project\src\top.v":431)
WARN  (AG0100) : Find logical loop signal : "n2750_s0"("C:\wks\ework\FPGA\TangNano\20k\TangNanoDCJ11MEM\TangNanoDCJ11MEM_project\src\top.v":492)
WARN  (AG0100) : Find logical loop signal : "n5830_s"("C:\wks\ework\FPGA\TangNano\20k\TangNanoDCJ11MEM\TangNanoDCJ11MEM_project\src\top.v":492)
WARN  (AG0100) : Find logical loop signal : "REG_KE_AC_11_s5"("C:\wks\ework\FPGA\TangNano\20k\TangNanoDCJ11MEM\TangNanoDCJ11MEM_project\src\top.v":492)
WARN  (AG0100) : Find logical loop signal : "REG_KE_AC_11_s6"("C:\wks\ework\FPGA\TangNano\20k\TangNanoDCJ11MEM\TangNanoDCJ11MEM_project\src\top.v":492)
WARN  (AG0100) : Find logical loop signal : "REG_KE_AC_11_s3"("C:\wks\ework\FPGA\TangNano\20k\TangNanoDCJ11MEM\TangNanoDCJ11MEM_project\src\top.v":492)
WARN  (AG0100) : Find logical loop signal : "REG_KE_AC_11_s2"("C:\wks\ework\FPGA\TangNano\20k\TangNanoDCJ11MEM\TangNanoDCJ11MEM_project\src\top.v":492)
WARN  (AG0100) : Find logical loop signal : "n1933_s"("C:\wks\ework\FPGA\TangNano\20k\TangNanoDCJ11MEM\TangNanoDCJ11MEM_project\src\top.v":431)
WARN  (AG0101) : The netlist is not one directed acyclic graph
WARN  (AG0100) : Find logical loop signal : "n1932_s"("C:\wks\ework\FPGA\TangNano\20k\TangNanoDCJ11MEM\TangNanoDCJ11MEM_project\src\top.v":431)
WARN  (AG0100) : Find logical loop signal : "n2748_s0"("C:\wks\ework\FPGA\TangNano\20k\TangNanoDCJ11MEM\TangNanoDCJ11MEM_project\src\top.v":492)
WARN  (AG0100) : Find logical loop signal : "n5826_s"("C:\wks\ework\FPGA\TangNano\20k\TangNanoDCJ11MEM\TangNanoDCJ11MEM_project\src\top.v":492)
WARN  (AG0100) : Find logical loop signal : "REG_KE_AC_12_s5"("C:\wks\ework\FPGA\TangNano\20k\TangNanoDCJ11MEM\TangNanoDCJ11MEM_project\src\top.v":492)
WARN  (AG0100) : Find logical loop signal : "REG_KE_AC_12_s6"("C:\wks\ework\FPGA\TangNano\20k\TangNanoDCJ11MEM\TangNanoDCJ11MEM_project\src\top.v":492)
WARN  (AG0100) : Find logical loop signal : "REG_KE_AC_12_s3"("C:\wks\ework\FPGA\TangNano\20k\TangNanoDCJ11MEM\TangNanoDCJ11MEM_project\src\top.v":492)
WARN  (AG0100) : Find logical loop signal : "REG_KE_AC_12_s2"("C:\wks\ework\FPGA\TangNano\20k\TangNanoDCJ11MEM\TangNanoDCJ11MEM_project\src\top.v":492)
WARN  (AG0100) : Find logical loop signal : "n1932_s"("C:\wks\ework\FPGA\TangNano\20k\TangNanoDCJ11MEM\TangNanoDCJ11MEM_project\src\top.v":431)
WARN  (AG0101) : The netlist is not one directed acyclic graph
WARN  (AG0100) : Find logical loop signal : "n1931_s"("C:\wks\ework\FPGA\TangNano\20k\TangNanoDCJ11MEM\TangNanoDCJ11MEM_project\src\top.v":431)
WARN  (AG0100) : Find logical loop signal : "n2746_s0"("C:\wks\ework\FPGA\TangNano\20k\TangNanoDCJ11MEM\TangNanoDCJ11MEM_project\src\top.v":492)
WARN  (AG0100) : Find logical loop signal : "n5822_s"("C:\wks\ework\FPGA\TangNano\20k\TangNanoDCJ11MEM\TangNanoDCJ11MEM_project\src\top.v":492)
WARN  (AG0100) : Find logical loop signal : "REG_KE_AC_13_s5"("C:\wks\ework\FPGA\TangNano\20k\TangNanoDCJ11MEM\TangNanoDCJ11MEM_project\src\top.v":492)
WARN  (AG0100) : Find logical loop signal : "REG_KE_AC_13_s6"("C:\wks\ework\FPGA\TangNano\20k\TangNanoDCJ11MEM\TangNanoDCJ11MEM_project\src\top.v":492)
WARN  (AG0100) : Find logical loop signal : "REG_KE_AC_13_s3"("C:\wks\ework\FPGA\TangNano\20k\TangNanoDCJ11MEM\TangNanoDCJ11MEM_project\src\top.v":492)
WARN  (AG0100) : Find logical loop signal : "REG_KE_AC_13_s2"("C:\wks\ework\FPGA\TangNano\20k\TangNanoDCJ11MEM\TangNanoDCJ11MEM_project\src\top.v":492)
WARN  (AG0100) : Find logical loop signal : "n1931_s"("C:\wks\ework\FPGA\TangNano\20k\TangNanoDCJ11MEM\TangNanoDCJ11MEM_project\src\top.v":431)
WARN  (AG0101) : The netlist is not one directed acyclic graph
WARN  (AG0100) : Find logical loop signal : "n1930_s"("C:\wks\ework\FPGA\TangNano\20k\TangNanoDCJ11MEM\TangNanoDCJ11MEM_project\src\top.v":431)
WARN  (AG0100) : Find logical loop signal : "n2744_s0"("C:\wks\ework\FPGA\TangNano\20k\TangNanoDCJ11MEM\TangNanoDCJ11MEM_project\src\top.v":492)
WARN  (AG0100) : Find logical loop signal : "n5818_s"("C:\wks\ework\FPGA\TangNano\20k\TangNanoDCJ11MEM\TangNanoDCJ11MEM_project\src\top.v":492)
WARN  (AG0100) : Find logical loop signal : "REG_KE_AC_14_s5"("C:\wks\ework\FPGA\TangNano\20k\TangNanoDCJ11MEM\TangNanoDCJ11MEM_project\src\top.v":492)
WARN  (AG0100) : Find logical loop signal : "REG_KE_AC_14_s6"("C:\wks\ework\FPGA\TangNano\20k\TangNanoDCJ11MEM\TangNanoDCJ11MEM_project\src\top.v":492)
WARN  (AG0100) : Find logical loop signal : "REG_KE_AC_14_s3"("C:\wks\ework\FPGA\TangNano\20k\TangNanoDCJ11MEM\TangNanoDCJ11MEM_project\src\top.v":492)
WARN  (AG0100) : Find logical loop signal : "REG_KE_AC_14_s2"("C:\wks\ework\FPGA\TangNano\20k\TangNanoDCJ11MEM\TangNanoDCJ11MEM_project\src\top.v":492)
WARN  (AG0100) : Find logical loop signal : "n1930_s"("C:\wks\ework\FPGA\TangNano\20k\TangNanoDCJ11MEM\TangNanoDCJ11MEM_project\src\top.v":431)
WARN  (AG0101) : The netlist is not one directed acyclic graph
WARN  (AG0100) : Find logical loop signal : "n1929_s"("C:\wks\ework\FPGA\TangNano\20k\TangNanoDCJ11MEM\TangNanoDCJ11MEM_project\src\top.v":431)
WARN  (AG0100) : Find logical loop signal : "n2742_s0"("C:\wks\ework\FPGA\TangNano\20k\TangNanoDCJ11MEM\TangNanoDCJ11MEM_project\src\top.v":492)
WARN  (AG0100) : Find logical loop signal : "n5814_s"("C:\wks\ework\FPGA\TangNano\20k\TangNanoDCJ11MEM\TangNanoDCJ11MEM_project\src\top.v":492)
WARN  (AG0100) : Find logical loop signal : "REG_KE_AC_15_s5"("C:\wks\ework\FPGA\TangNano\20k\TangNanoDCJ11MEM\TangNanoDCJ11MEM_project\src\top.v":492)
WARN  (AG0100) : Find logical loop signal : "REG_KE_AC_15_s6"("C:\wks\ework\FPGA\TangNano\20k\TangNanoDCJ11MEM\TangNanoDCJ11MEM_project\src\top.v":492)
WARN  (AG0100) : Find logical loop signal : "REG_KE_AC_15_s3"("C:\wks\ework\FPGA\TangNano\20k\TangNanoDCJ11MEM\TangNanoDCJ11MEM_project\src\top.v":492)
WARN  (AG0100) : Find logical loop signal : "REG_KE_AC_15_s2"("C:\wks\ework\FPGA\TangNano\20k\TangNanoDCJ11MEM\TangNanoDCJ11MEM_project\src\top.v":492)
WARN  (AG0100) : Find logical loop signal : "n1929_s"("C:\wks\ework\FPGA\TangNano\20k\TangNanoDCJ11MEM\TangNanoDCJ11MEM_project\src\top.v":431)
WARN  (AG0101) : The netlist is not one directed acyclic graph
WARN  (AG0100) : Find logical loop signal : "n1928_s"("C:\wks\ework\FPGA\TangNano\20k\TangNanoDCJ11MEM\TangNanoDCJ11MEM_project\src\top.v":431)
WARN  (AG0100) : Find logical loop signal : "n2740_s0"("C:\wks\ework\FPGA\TangNano\20k\TangNanoDCJ11MEM\TangNanoDCJ11MEM_project\src\top.v":492)
WARN  (AG0100) : Find logical loop signal : "n5810_s"("C:\wks\ework\FPGA\TangNano\20k\TangNanoDCJ11MEM\TangNanoDCJ11MEM_project\src\top.v":492)
WARN  (AG0100) : Find logical loop signal : "REG_KE_MQ_0_s5"("C:\wks\ework\FPGA\TangNano\20k\TangNanoDCJ11MEM\TangNanoDCJ11MEM_project\src\top.v":492)
WARN  (AG0100) : Find logical loop signal : "REG_KE_MQ_0_s6"("C:\wks\ework\FPGA\TangNano\20k\TangNanoDCJ11MEM\TangNanoDCJ11MEM_project\src\top.v":492)
WARN  (AG0100) : Find logical loop signal : "REG_KE_MQ_0_s3"("C:\wks\ework\FPGA\TangNano\20k\TangNanoDCJ11MEM\TangNanoDCJ11MEM_project\src\top.v":492)
WARN  (AG0100) : Find logical loop signal : "REG_KE_MQ_0_s2"("C:\wks\ework\FPGA\TangNano\20k\TangNanoDCJ11MEM\TangNanoDCJ11MEM_project\src\top.v":492)
WARN  (AG0100) : Find logical loop signal : "n1928_s"("C:\wks\ework\FPGA\TangNano\20k\TangNanoDCJ11MEM\TangNanoDCJ11MEM_project\src\top.v":431)
WARN  (AG0101) : The netlist is not one directed acyclic graph
WARN  (AG0100) : Find logical loop signal : "n1927_s"("C:\wks\ework\FPGA\TangNano\20k\TangNanoDCJ11MEM\TangNanoDCJ11MEM_project\src\top.v":431)
WARN  (AG0100) : Find logical loop signal : "n2738_s0"("C:\wks\ework\FPGA\TangNano\20k\TangNanoDCJ11MEM\TangNanoDCJ11MEM_project\src\top.v":492)
WARN  (AG0100) : Find logical loop signal : "n5806_s"("C:\wks\ework\FPGA\TangNano\20k\TangNanoDCJ11MEM\TangNanoDCJ11MEM_project\src\top.v":492)
WARN  (AG0100) : Find logical loop signal : "REG_KE_MQ_1_s5"("C:\wks\ework\FPGA\TangNano\20k\TangNanoDCJ11MEM\TangNanoDCJ11MEM_project\src\top.v":492)
WARN  (AG0100) : Find logical loop signal : "REG_KE_MQ_1_s6"("C:\wks\ework\FPGA\TangNano\20k\TangNanoDCJ11MEM\TangNanoDCJ11MEM_project\src\top.v":492)
WARN  (AG0100) : Find logical loop signal : "REG_KE_MQ_1_s3"("C:\wks\ework\FPGA\TangNano\20k\TangNanoDCJ11MEM\TangNanoDCJ11MEM_project\src\top.v":492)
WARN  (AG0100) : Find logical loop signal : "REG_KE_MQ_1_s2"("C:\wks\ework\FPGA\TangNano\20k\TangNanoDCJ11MEM\TangNanoDCJ11MEM_project\src\top.v":492)
WARN  (AG0100) : Find logical loop signal : "n1927_s"("C:\wks\ework\FPGA\TangNano\20k\TangNanoDCJ11MEM\TangNanoDCJ11MEM_project\src\top.v":431)
WARN  (AG0101) : The netlist is not one directed acyclic graph
WARN  (AG0100) : Find logical loop signal : "n1926_s"("C:\wks\ework\FPGA\TangNano\20k\TangNanoDCJ11MEM\TangNanoDCJ11MEM_project\src\top.v":431)
WARN  (AG0100) : Find logical loop signal : "n2736_s0"("C:\wks\ework\FPGA\TangNano\20k\TangNanoDCJ11MEM\TangNanoDCJ11MEM_project\src\top.v":492)
WARN  (AG0100) : Find logical loop signal : "n5802_s"("C:\wks\ework\FPGA\TangNano\20k\TangNanoDCJ11MEM\TangNanoDCJ11MEM_project\src\top.v":492)
WARN  (AG0100) : Find logical loop signal : "REG_KE_MQ_2_s5"("C:\wks\ework\FPGA\TangNano\20k\TangNanoDCJ11MEM\TangNanoDCJ11MEM_project\src\top.v":492)
WARN  (AG0100) : Find logical loop signal : "REG_KE_MQ_2_s6"("C:\wks\ework\FPGA\TangNano\20k\TangNanoDCJ11MEM\TangNanoDCJ11MEM_project\src\top.v":492)
WARN  (AG0100) : Find logical loop signal : "REG_KE_MQ_2_s3"("C:\wks\ework\FPGA\TangNano\20k\TangNanoDCJ11MEM\TangNanoDCJ11MEM_project\src\top.v":492)
WARN  (AG0100) : Find logical loop signal : "REG_KE_MQ_2_s2"("C:\wks\ework\FPGA\TangNano\20k\TangNanoDCJ11MEM\TangNanoDCJ11MEM_project\src\top.v":492)
WARN  (AG0100) : Find logical loop signal : "n1926_s"("C:\wks\ework\FPGA\TangNano\20k\TangNanoDCJ11MEM\TangNanoDCJ11MEM_project\src\top.v":431)
WARN  (AG0101) : The netlist is not one directed acyclic graph
WARN  (AG0100) : Find logical loop signal : "n1925_s"("C:\wks\ework\FPGA\TangNano\20k\TangNanoDCJ11MEM\TangNanoDCJ11MEM_project\src\top.v":431)
WARN  (AG0100) : Find logical loop signal : "n2734_s0"("C:\wks\ework\FPGA\TangNano\20k\TangNanoDCJ11MEM\TangNanoDCJ11MEM_project\src\top.v":492)
WARN  (AG0100) : Find logical loop signal : "n5798_s"("C:\wks\ework\FPGA\TangNano\20k\TangNanoDCJ11MEM\TangNanoDCJ11MEM_project\src\top.v":492)
WARN  (AG0100) : Find logical loop signal : "REG_KE_MQ_3_s5"("C:\wks\ework\FPGA\TangNano\20k\TangNanoDCJ11MEM\TangNanoDCJ11MEM_project\src\top.v":492)
WARN  (AG0100) : Find logical loop signal : "REG_KE_MQ_3_s6"("C:\wks\ework\FPGA\TangNano\20k\TangNanoDCJ11MEM\TangNanoDCJ11MEM_project\src\top.v":492)
WARN  (AG0100) : Find logical loop signal : "REG_KE_MQ_3_s3"("C:\wks\ework\FPGA\TangNano\20k\TangNanoDCJ11MEM\TangNanoDCJ11MEM_project\src\top.v":492)
WARN  (AG0100) : Find logical loop signal : "REG_KE_MQ_3_s2"("C:\wks\ework\FPGA\TangNano\20k\TangNanoDCJ11MEM\TangNanoDCJ11MEM_project\src\top.v":492)
WARN  (AG0100) : Find logical loop signal : "n1925_s"("C:\wks\ework\FPGA\TangNano\20k\TangNanoDCJ11MEM\TangNanoDCJ11MEM_project\src\top.v":431)
WARN  (AG0101) : The netlist is not one directed acyclic graph
WARN  (AG0100) : Find logical loop signal : "n1924_s"("C:\wks\ework\FPGA\TangNano\20k\TangNanoDCJ11MEM\TangNanoDCJ11MEM_project\src\top.v":431)
WARN  (AG0100) : Find logical loop signal : "n2732_s0"("C:\wks\ework\FPGA\TangNano\20k\TangNanoDCJ11MEM\TangNanoDCJ11MEM_project\src\top.v":492)
WARN  (AG0100) : Find logical loop signal : "n5794_s"("C:\wks\ework\FPGA\TangNano\20k\TangNanoDCJ11MEM\TangNanoDCJ11MEM_project\src\top.v":492)
WARN  (AG0100) : Find logical loop signal : "REG_KE_MQ_4_s5"("C:\wks\ework\FPGA\TangNano\20k\TangNanoDCJ11MEM\TangNanoDCJ11MEM_project\src\top.v":492)
WARN  (AG0100) : Find logical loop signal : "REG_KE_MQ_4_s6"("C:\wks\ework\FPGA\TangNano\20k\TangNanoDCJ11MEM\TangNanoDCJ11MEM_project\src\top.v":492)
WARN  (AG0100) : Find logical loop signal : "REG_KE_MQ_4_s3"("C:\wks\ework\FPGA\TangNano\20k\TangNanoDCJ11MEM\TangNanoDCJ11MEM_project\src\top.v":492)
WARN  (AG0100) : Find logical loop signal : "REG_KE_MQ_4_s2"("C:\wks\ework\FPGA\TangNano\20k\TangNanoDCJ11MEM\TangNanoDCJ11MEM_project\src\top.v":492)
WARN  (AG0100) : Find logical loop signal : "n1924_s"("C:\wks\ework\FPGA\TangNano\20k\TangNanoDCJ11MEM\TangNanoDCJ11MEM_project\src\top.v":431)
WARN  (AG0101) : The netlist is not one directed acyclic graph
WARN  (AG0100) : Find logical loop signal : "n1923_s"("C:\wks\ework\FPGA\TangNano\20k\TangNanoDCJ11MEM\TangNanoDCJ11MEM_project\src\top.v":431)
WARN  (AG0100) : Find logical loop signal : "n2730_s0"("C:\wks\ework\FPGA\TangNano\20k\TangNanoDCJ11MEM\TangNanoDCJ11MEM_project\src\top.v":492)
WARN  (AG0100) : Find logical loop signal : "n5790_s"("C:\wks\ework\FPGA\TangNano\20k\TangNanoDCJ11MEM\TangNanoDCJ11MEM_project\src\top.v":492)
WARN  (AG0100) : Find logical loop signal : "REG_KE_MQ_5_s5"("C:\wks\ework\FPGA\TangNano\20k\TangNanoDCJ11MEM\TangNanoDCJ11MEM_project\src\top.v":492)
WARN  (AG0100) : Find logical loop signal : "REG_KE_MQ_5_s6"("C:\wks\ework\FPGA\TangNano\20k\TangNanoDCJ11MEM\TangNanoDCJ11MEM_project\src\top.v":492)
WARN  (AG0100) : Find logical loop signal : "REG_KE_MQ_5_s3"("C:\wks\ework\FPGA\TangNano\20k\TangNanoDCJ11MEM\TangNanoDCJ11MEM_project\src\top.v":492)
WARN  (AG0100) : Find logical loop signal : "REG_KE_MQ_5_s2"("C:\wks\ework\FPGA\TangNano\20k\TangNanoDCJ11MEM\TangNanoDCJ11MEM_project\src\top.v":492)
WARN  (AG0100) : Find logical loop signal : "n1923_s"("C:\wks\ework\FPGA\TangNano\20k\TangNanoDCJ11MEM\TangNanoDCJ11MEM_project\src\top.v":431)
WARN  (AG0101) : The netlist is not one directed acyclic graph
WARN  (AG0100) : Find logical loop signal : "n1922_s"("C:\wks\ework\FPGA\TangNano\20k\TangNanoDCJ11MEM\TangNanoDCJ11MEM_project\src\top.v":431)
WARN  (AG0100) : Find logical loop signal : "n2728_s0"("C:\wks\ework\FPGA\TangNano\20k\TangNanoDCJ11MEM\TangNanoDCJ11MEM_project\src\top.v":492)
WARN  (AG0100) : Find logical loop signal : "n5786_s"("C:\wks\ework\FPGA\TangNano\20k\TangNanoDCJ11MEM\TangNanoDCJ11MEM_project\src\top.v":492)
WARN  (AG0100) : Find logical loop signal : "REG_KE_MQ_6_s5"("C:\wks\ework\FPGA\TangNano\20k\TangNanoDCJ11MEM\TangNanoDCJ11MEM_project\src\top.v":492)
WARN  (AG0100) : Find logical loop signal : "REG_KE_MQ_6_s6"("C:\wks\ework\FPGA\TangNano\20k\TangNanoDCJ11MEM\TangNanoDCJ11MEM_project\src\top.v":492)
WARN  (AG0100) : Find logical loop signal : "REG_KE_MQ_6_s3"("C:\wks\ework\FPGA\TangNano\20k\TangNanoDCJ11MEM\TangNanoDCJ11MEM_project\src\top.v":492)
WARN  (AG0100) : Find logical loop signal : "REG_KE_MQ_6_s2"("C:\wks\ework\FPGA\TangNano\20k\TangNanoDCJ11MEM\TangNanoDCJ11MEM_project\src\top.v":492)
WARN  (AG0100) : Find logical loop signal : "n1922_s"("C:\wks\ework\FPGA\TangNano\20k\TangNanoDCJ11MEM\TangNanoDCJ11MEM_project\src\top.v":431)
WARN  (AG0101) : The netlist is not one directed acyclic graph
WARN  (AG0100) : Find logical loop signal : "n1921_s"("C:\wks\ework\FPGA\TangNano\20k\TangNanoDCJ11MEM\TangNanoDCJ11MEM_project\src\top.v":431)
WARN  (AG0100) : Find logical loop signal : "n2726_s0"("C:\wks\ework\FPGA\TangNano\20k\TangNanoDCJ11MEM\TangNanoDCJ11MEM_project\src\top.v":492)
WARN  (AG0100) : Find logical loop signal : "n5782_s"("C:\wks\ework\FPGA\TangNano\20k\TangNanoDCJ11MEM\TangNanoDCJ11MEM_project\src\top.v":492)
WARN  (AG0100) : Find logical loop signal : "REG_KE_MQ_7_s5"("C:\wks\ework\FPGA\TangNano\20k\TangNanoDCJ11MEM\TangNanoDCJ11MEM_project\src\top.v":492)
WARN  (AG0100) : Find logical loop signal : "REG_KE_MQ_7_s6"("C:\wks\ework\FPGA\TangNano\20k\TangNanoDCJ11MEM\TangNanoDCJ11MEM_project\src\top.v":492)
WARN  (AG0100) : Find logical loop signal : "REG_KE_MQ_7_s3"("C:\wks\ework\FPGA\TangNano\20k\TangNanoDCJ11MEM\TangNanoDCJ11MEM_project\src\top.v":492)
WARN  (AG0100) : Find logical loop signal : "REG_KE_MQ_7_s2"("C:\wks\ework\FPGA\TangNano\20k\TangNanoDCJ11MEM\TangNanoDCJ11MEM_project\src\top.v":492)
WARN  (AG0100) : Find logical loop signal : "n1921_s"("C:\wks\ework\FPGA\TangNano\20k\TangNanoDCJ11MEM\TangNanoDCJ11MEM_project\src\top.v":431)
WARN  (AG0101) : The netlist is not one directed acyclic graph
WARN  (AG0100) : Find logical loop signal : "n1920_s"("C:\wks\ework\FPGA\TangNano\20k\TangNanoDCJ11MEM\TangNanoDCJ11MEM_project\src\top.v":431)
WARN  (AG0100) : Find logical loop signal : "n2724_s0"("C:\wks\ework\FPGA\TangNano\20k\TangNanoDCJ11MEM\TangNanoDCJ11MEM_project\src\top.v":492)
WARN  (AG0100) : Find logical loop signal : "n5778_s"("C:\wks\ework\FPGA\TangNano\20k\TangNanoDCJ11MEM\TangNanoDCJ11MEM_project\src\top.v":492)
WARN  (AG0100) : Find logical loop signal : "REG_KE_MQ_8_s5"("C:\wks\ework\FPGA\TangNano\20k\TangNanoDCJ11MEM\TangNanoDCJ11MEM_project\src\top.v":492)
WARN  (AG0100) : Find logical loop signal : "REG_KE_MQ_8_s6"("C:\wks\ework\FPGA\TangNano\20k\TangNanoDCJ11MEM\TangNanoDCJ11MEM_project\src\top.v":492)
WARN  (AG0100) : Find logical loop signal : "REG_KE_MQ_8_s3"("C:\wks\ework\FPGA\TangNano\20k\TangNanoDCJ11MEM\TangNanoDCJ11MEM_project\src\top.v":492)
WARN  (AG0100) : Find logical loop signal : "REG_KE_MQ_8_s2"("C:\wks\ework\FPGA\TangNano\20k\TangNanoDCJ11MEM\TangNanoDCJ11MEM_project\src\top.v":492)
WARN  (AG0100) : Find logical loop signal : "n1920_s"("C:\wks\ework\FPGA\TangNano\20k\TangNanoDCJ11MEM\TangNanoDCJ11MEM_project\src\top.v":431)
WARN  (AG0101) : The netlist is not one directed acyclic graph
WARN  (AG0100) : Find logical loop signal : "n1919_s"("C:\wks\ework\FPGA\TangNano\20k\TangNanoDCJ11MEM\TangNanoDCJ11MEM_project\src\top.v":431)
WARN  (AG0100) : Find logical loop signal : "n2722_s0"("C:\wks\ework\FPGA\TangNano\20k\TangNanoDCJ11MEM\TangNanoDCJ11MEM_project\src\top.v":492)
WARN  (AG0100) : Find logical loop signal : "n5774_s"("C:\wks\ework\FPGA\TangNano\20k\TangNanoDCJ11MEM\TangNanoDCJ11MEM_project\src\top.v":492)
WARN  (AG0100) : Find logical loop signal : "REG_KE_MQ_9_s5"("C:\wks\ework\FPGA\TangNano\20k\TangNanoDCJ11MEM\TangNanoDCJ11MEM_project\src\top.v":492)
WARN  (AG0100) : Find logical loop signal : "REG_KE_MQ_9_s6"("C:\wks\ework\FPGA\TangNano\20k\TangNanoDCJ11MEM\TangNanoDCJ11MEM_project\src\top.v":492)
WARN  (AG0100) : Find logical loop signal : "REG_KE_MQ_9_s3"("C:\wks\ework\FPGA\TangNano\20k\TangNanoDCJ11MEM\TangNanoDCJ11MEM_project\src\top.v":492)
WARN  (AG0100) : Find logical loop signal : "REG_KE_MQ_9_s2"("C:\wks\ework\FPGA\TangNano\20k\TangNanoDCJ11MEM\TangNanoDCJ11MEM_project\src\top.v":492)
WARN  (AG0100) : Find logical loop signal : "n1919_s"("C:\wks\ework\FPGA\TangNano\20k\TangNanoDCJ11MEM\TangNanoDCJ11MEM_project\src\top.v":431)
WARN  (AG0101) : The netlist is not one directed acyclic graph
WARN  (AG0100) : Find logical loop signal : "n1918_s"("C:\wks\ework\FPGA\TangNano\20k\TangNanoDCJ11MEM\TangNanoDCJ11MEM_project\src\top.v":431)
WARN  (AG0100) : Find logical loop signal : "n2720_s0"("C:\wks\ework\FPGA\TangNano\20k\TangNanoDCJ11MEM\TangNanoDCJ11MEM_project\src\top.v":492)
WARN  (AG0100) : Find logical loop signal : "n5770_s"("C:\wks\ework\FPGA\TangNano\20k\TangNanoDCJ11MEM\TangNanoDCJ11MEM_project\src\top.v":492)
WARN  (AG0100) : Find logical loop signal : "REG_KE_MQ_10_s5"("C:\wks\ework\FPGA\TangNano\20k\TangNanoDCJ11MEM\TangNanoDCJ11MEM_project\src\top.v":492)
WARN  (AG0100) : Find logical loop signal : "REG_KE_MQ_10_s6"("C:\wks\ework\FPGA\TangNano\20k\TangNanoDCJ11MEM\TangNanoDCJ11MEM_project\src\top.v":492)
WARN  (AG0100) : Find logical loop signal : "REG_KE_MQ_10_s3"("C:\wks\ework\FPGA\TangNano\20k\TangNanoDCJ11MEM\TangNanoDCJ11MEM_project\src\top.v":492)
WARN  (AG0100) : Find logical loop signal : "REG_KE_MQ_10_s2"("C:\wks\ework\FPGA\TangNano\20k\TangNanoDCJ11MEM\TangNanoDCJ11MEM_project\src\top.v":492)
WARN  (AG0100) : Find logical loop signal : "n1918_s"("C:\wks\ework\FPGA\TangNano\20k\TangNanoDCJ11MEM\TangNanoDCJ11MEM_project\src\top.v":431)
WARN  (AG0101) : The netlist is not one directed acyclic graph
WARN  (AG0100) : Find logical loop signal : "n1917_s"("C:\wks\ework\FPGA\TangNano\20k\TangNanoDCJ11MEM\TangNanoDCJ11MEM_project\src\top.v":431)
WARN  (AG0100) : Find logical loop signal : "n2718_s0"("C:\wks\ework\FPGA\TangNano\20k\TangNanoDCJ11MEM\TangNanoDCJ11MEM_project\src\top.v":492)
WARN  (AG0100) : Find logical loop signal : "n5766_s"("C:\wks\ework\FPGA\TangNano\20k\TangNanoDCJ11MEM\TangNanoDCJ11MEM_project\src\top.v":492)
WARN  (AG0100) : Find logical loop signal : "REG_KE_MQ_11_s5"("C:\wks\ework\FPGA\TangNano\20k\TangNanoDCJ11MEM\TangNanoDCJ11MEM_project\src\top.v":492)
WARN  (AG0100) : Find logical loop signal : "REG_KE_MQ_11_s6"("C:\wks\ework\FPGA\TangNano\20k\TangNanoDCJ11MEM\TangNanoDCJ11MEM_project\src\top.v":492)
WARN  (AG0100) : Find logical loop signal : "REG_KE_MQ_11_s3"("C:\wks\ework\FPGA\TangNano\20k\TangNanoDCJ11MEM\TangNanoDCJ11MEM_project\src\top.v":492)
WARN  (AG0100) : Find logical loop signal : "REG_KE_MQ_11_s2"("C:\wks\ework\FPGA\TangNano\20k\TangNanoDCJ11MEM\TangNanoDCJ11MEM_project\src\top.v":492)
WARN  (AG0100) : Find logical loop signal : "n1917_s"("C:\wks\ework\FPGA\TangNano\20k\TangNanoDCJ11MEM\TangNanoDCJ11MEM_project\src\top.v":431)
WARN  (AG0101) : The netlist is not one directed acyclic graph
WARN  (AG0100) : Find logical loop signal : "n1916_s"("C:\wks\ework\FPGA\TangNano\20k\TangNanoDCJ11MEM\TangNanoDCJ11MEM_project\src\top.v":431)
WARN  (AG0100) : Find logical loop signal : "n2716_s0"("C:\wks\ework\FPGA\TangNano\20k\TangNanoDCJ11MEM\TangNanoDCJ11MEM_project\src\top.v":492)
WARN  (AG0100) : Find logical loop signal : "n5762_s"("C:\wks\ework\FPGA\TangNano\20k\TangNanoDCJ11MEM\TangNanoDCJ11MEM_project\src\top.v":492)
WARN  (AG0100) : Find logical loop signal : "REG_KE_MQ_12_s5"("C:\wks\ework\FPGA\TangNano\20k\TangNanoDCJ11MEM\TangNanoDCJ11MEM_project\src\top.v":492)
WARN  (AG0100) : Find logical loop signal : "REG_KE_MQ_12_s6"("C:\wks\ework\FPGA\TangNano\20k\TangNanoDCJ11MEM\TangNanoDCJ11MEM_project\src\top.v":492)
WARN  (AG0100) : Find logical loop signal : "REG_KE_MQ_12_s3"("C:\wks\ework\FPGA\TangNano\20k\TangNanoDCJ11MEM\TangNanoDCJ11MEM_project\src\top.v":492)
WARN  (AG0100) : Find logical loop signal : "REG_KE_MQ_12_s2"("C:\wks\ework\FPGA\TangNano\20k\TangNanoDCJ11MEM\TangNanoDCJ11MEM_project\src\top.v":492)
WARN  (AG0100) : Find logical loop signal : "n1916_s"("C:\wks\ework\FPGA\TangNano\20k\TangNanoDCJ11MEM\TangNanoDCJ11MEM_project\src\top.v":431)
WARN  (AG0101) : The netlist is not one directed acyclic graph
WARN  (AG0100) : Find logical loop signal : "n1915_s"("C:\wks\ework\FPGA\TangNano\20k\TangNanoDCJ11MEM\TangNanoDCJ11MEM_project\src\top.v":431)
WARN  (AG0100) : Find logical loop signal : "n2714_s0"("C:\wks\ework\FPGA\TangNano\20k\TangNanoDCJ11MEM\TangNanoDCJ11MEM_project\src\top.v":492)
WARN  (AG0100) : Find logical loop signal : "n5758_s"("C:\wks\ework\FPGA\TangNano\20k\TangNanoDCJ11MEM\TangNanoDCJ11MEM_project\src\top.v":492)
WARN  (AG0100) : Find logical loop signal : "REG_KE_MQ_13_s5"("C:\wks\ework\FPGA\TangNano\20k\TangNanoDCJ11MEM\TangNanoDCJ11MEM_project\src\top.v":492)
WARN  (AG0100) : Find logical loop signal : "REG_KE_MQ_13_s6"("C:\wks\ework\FPGA\TangNano\20k\TangNanoDCJ11MEM\TangNanoDCJ11MEM_project\src\top.v":492)
WARN  (AG0100) : Find logical loop signal : "REG_KE_MQ_13_s3"("C:\wks\ework\FPGA\TangNano\20k\TangNanoDCJ11MEM\TangNanoDCJ11MEM_project\src\top.v":492)
WARN  (AG0100) : Find logical loop signal : "REG_KE_MQ_13_s2"("C:\wks\ework\FPGA\TangNano\20k\TangNanoDCJ11MEM\TangNanoDCJ11MEM_project\src\top.v":492)
WARN  (AG0100) : Find logical loop signal : "n1915_s"("C:\wks\ework\FPGA\TangNano\20k\TangNanoDCJ11MEM\TangNanoDCJ11MEM_project\src\top.v":431)
WARN  (AG0101) : The netlist is not one directed acyclic graph
WARN  (AG0100) : Find logical loop signal : "n1914_s"("C:\wks\ework\FPGA\TangNano\20k\TangNanoDCJ11MEM\TangNanoDCJ11MEM_project\src\top.v":431)
WARN  (AG0100) : Find logical loop signal : "n2712_s0"("C:\wks\ework\FPGA\TangNano\20k\TangNanoDCJ11MEM\TangNanoDCJ11MEM_project\src\top.v":492)
WARN  (AG0100) : Find logical loop signal : "n5754_s"("C:\wks\ework\FPGA\TangNano\20k\TangNanoDCJ11MEM\TangNanoDCJ11MEM_project\src\top.v":492)
WARN  (AG0100) : Find logical loop signal : "REG_KE_MQ_14_s5"("C:\wks\ework\FPGA\TangNano\20k\TangNanoDCJ11MEM\TangNanoDCJ11MEM_project\src\top.v":492)
WARN  (AG0100) : Find logical loop signal : "REG_KE_MQ_14_s6"("C:\wks\ework\FPGA\TangNano\20k\TangNanoDCJ11MEM\TangNanoDCJ11MEM_project\src\top.v":492)
WARN  (AG0100) : Find logical loop signal : "REG_KE_MQ_14_s3"("C:\wks\ework\FPGA\TangNano\20k\TangNanoDCJ11MEM\TangNanoDCJ11MEM_project\src\top.v":492)
WARN  (AG0100) : Find logical loop signal : "REG_KE_MQ_14_s2"("C:\wks\ework\FPGA\TangNano\20k\TangNanoDCJ11MEM\TangNanoDCJ11MEM_project\src\top.v":492)
WARN  (AG0100) : Find logical loop signal : "n1914_s"("C:\wks\ework\FPGA\TangNano\20k\TangNanoDCJ11MEM\TangNanoDCJ11MEM_project\src\top.v":431)
WARN  (AG0101) : The netlist is not one directed acyclic graph
WARN  (AG0100) : Find logical loop signal : "n1913_s"("C:\wks\ework\FPGA\TangNano\20k\TangNanoDCJ11MEM\TangNanoDCJ11MEM_project\src\top.v":431)
WARN  (AG0100) : Find logical loop signal : "n2710_s0"("C:\wks\ework\FPGA\TangNano\20k\TangNanoDCJ11MEM\TangNanoDCJ11MEM_project\src\top.v":492)
WARN  (AG0100) : Find logical loop signal : "n5750_s"("C:\wks\ework\FPGA\TangNano\20k\TangNanoDCJ11MEM\TangNanoDCJ11MEM_project\src\top.v":492)
WARN  (AG0100) : Find logical loop signal : "REG_KE_MQ_15_s5"("C:\wks\ework\FPGA\TangNano\20k\TangNanoDCJ11MEM\TangNanoDCJ11MEM_project\src\top.v":492)
WARN  (AG0100) : Find logical loop signal : "REG_KE_MQ_15_s6"("C:\wks\ework\FPGA\TangNano\20k\TangNanoDCJ11MEM\TangNanoDCJ11MEM_project\src\top.v":492)
WARN  (AG0100) : Find logical loop signal : "REG_KE_MQ_15_s3"("C:\wks\ework\FPGA\TangNano\20k\TangNanoDCJ11MEM\TangNanoDCJ11MEM_project\src\top.v":492)
WARN  (AG0100) : Find logical loop signal : "REG_KE_MQ_15_s2"("C:\wks\ework\FPGA\TangNano\20k\TangNanoDCJ11MEM\TangNanoDCJ11MEM_project\src\top.v":492)
WARN  (AG0100) : Find logical loop signal : "n1913_s"("C:\wks\ework\FPGA\TangNano\20k\TangNanoDCJ11MEM\TangNanoDCJ11MEM_project\src\top.v":431)
WARN  (AG0101) : The netlist is not one directed acyclic graph
WARN  (AG0100) : Find logical loop signal : "n6232_s"("C:\wks\ework\FPGA\TangNano\20k\TangNanoDCJ11MEM\TangNanoDCJ11MEM_project\src\top.v":781)
WARN  (AG0100) : Find logical loop signal : "REG_KW11L_INT_ENABLE_s5"("C:\wks\ework\FPGA\TangNano\20k\TangNanoDCJ11MEM\TangNanoDCJ11MEM_project\src\top.v":781)
WARN  (AG0100) : Find logical loop signal : "REG_KW11L_INT_ENABLE_s6"("C:\wks\ework\FPGA\TangNano\20k\TangNanoDCJ11MEM\TangNanoDCJ11MEM_project\src\top.v":781)
WARN  (AG0100) : Find logical loop signal : "REG_KW11L_INT_ENABLE_s3"("C:\wks\ework\FPGA\TangNano\20k\TangNanoDCJ11MEM\TangNanoDCJ11MEM_project\src\top.v":781)
WARN  (AG0100) : Find logical loop signal : "REG_KW11L_INT_ENABLE_s2"("C:\wks\ework\FPGA\TangNano\20k\TangNanoDCJ11MEM\TangNanoDCJ11MEM_project\src\top.v":781)
WARN  (AG0100) : Find logical loop signal : "n5141_s"("C:\wks\ework\FPGA\TangNano\20k\TangNanoDCJ11MEM\TangNanoDCJ11MEM_project\src\top.v":778)
WARN  (AG0100) : Find logical loop signal : "n5150_s0"("C:\wks\ework\FPGA\TangNano\20k\TangNanoDCJ11MEM\TangNanoDCJ11MEM_project\src\top.v":781)
WARN  (AG0100) : Find logical loop signal : "n6232_s"("C:\wks\ework\FPGA\TangNano\20k\TangNanoDCJ11MEM\TangNanoDCJ11MEM_project\src\top.v":781)
WARN  (AG0101) : The netlist is not one directed acyclic graph
WARN  (AG0100) : Find logical loop signal : "n5141_s"("C:\wks\ework\FPGA\TangNano\20k\TangNanoDCJ11MEM\TangNanoDCJ11MEM_project\src\top.v":778)
WARN  (AG0100) : Find logical loop signal : "n5150_s0"("C:\wks\ework\FPGA\TangNano\20k\TangNanoDCJ11MEM\TangNanoDCJ11MEM_project\src\top.v":781)
WARN  (AG0100) : Find logical loop signal : "n6234_s"("C:\wks\ework\FPGA\TangNano\20k\TangNanoDCJ11MEM\TangNanoDCJ11MEM_project\src\top.v":781)
WARN  (AG0100) : Find logical loop signal : "REG_KW11L_INT_ENABLE_s5"("C:\wks\ework\FPGA\TangNano\20k\TangNanoDCJ11MEM\TangNanoDCJ11MEM_project\src\top.v":781)
WARN  (AG0100) : Find logical loop signal : "REG_KW11L_INT_ENABLE_s6"("C:\wks\ework\FPGA\TangNano\20k\TangNanoDCJ11MEM\TangNanoDCJ11MEM_project\src\top.v":781)
WARN  (AG0100) : Find logical loop signal : "REG_KW11L_INT_ENABLE_s3"("C:\wks\ework\FPGA\TangNano\20k\TangNanoDCJ11MEM\TangNanoDCJ11MEM_project\src\top.v":781)
WARN  (AG0100) : Find logical loop signal : "REG_KW11L_INT_ENABLE_s2"("C:\wks\ework\FPGA\TangNano\20k\TangNanoDCJ11MEM\TangNanoDCJ11MEM_project\src\top.v":781)
WARN  (AG0100) : Find logical loop signal : "n5141_s"("C:\wks\ework\FPGA\TangNano\20k\TangNanoDCJ11MEM\TangNanoDCJ11MEM_project\src\top.v":778)
WARN  (AG0101) : The netlist is not one directed acyclic graph
WARN  (AG0100) : Find logical loop signal : "n6236_s"("C:\wks\ework\FPGA\TangNano\20k\TangNanoDCJ11MEM\TangNanoDCJ11MEM_project\src\top.v":781)
WARN  (AG0100) : Find logical loop signal : "REG_KW11L_INT_MONITOR_s5"("C:\wks\ework\FPGA\TangNano\20k\TangNanoDCJ11MEM\TangNanoDCJ11MEM_project\src\top.v":781)
WARN  (AG0100) : Find logical loop signal : "REG_KW11L_INT_MONITOR_s6"("C:\wks\ework\FPGA\TangNano\20k\TangNanoDCJ11MEM\TangNanoDCJ11MEM_project\src\top.v":781)
WARN  (AG0100) : Find logical loop signal : "REG_KW11L_INT_MONITOR_s3"("C:\wks\ework\FPGA\TangNano\20k\TangNanoDCJ11MEM\TangNanoDCJ11MEM_project\src\top.v":781)
WARN  (AG0100) : Find logical loop signal : "REG_KW11L_INT_MONITOR_s7"("C:\wks\ework\FPGA\TangNano\20k\TangNanoDCJ11MEM\TangNanoDCJ11MEM_project\src\top.v":781)
WARN  (AG0100) : Find logical loop signal : "n5146_s0"("C:\wks\ework\FPGA\TangNano\20k\TangNanoDCJ11MEM\TangNanoDCJ11MEM_project\src\top.v":778)
WARN  (AG0100) : Find logical loop signal : "n5152_s0"("C:\wks\ework\FPGA\TangNano\20k\TangNanoDCJ11MEM\TangNanoDCJ11MEM_project\src\top.v":781)
WARN  (AG0100) : Find logical loop signal : "n6236_s"("C:\wks\ework\FPGA\TangNano\20k\TangNanoDCJ11MEM\TangNanoDCJ11MEM_project\src\top.v":781)
WARN  (AG0101) : The netlist is not one directed acyclic graph
WARN  (AG0100) : Find logical loop signal : "n6238_s"("C:\wks\ework\FPGA\TangNano\20k\TangNanoDCJ11MEM\TangNanoDCJ11MEM_project\src\top.v":781)
WARN  (AG0100) : Find logical loop signal : "REG_KW11L_INT_MONITOR_s5"("C:\wks\ework\FPGA\TangNano\20k\TangNanoDCJ11MEM\TangNanoDCJ11MEM_project\src\top.v":781)
WARN  (AG0100) : Find logical loop signal : "REG_KW11L_INT_MONITOR_s6"("C:\wks\ework\FPGA\TangNano\20k\TangNanoDCJ11MEM\TangNanoDCJ11MEM_project\src\top.v":781)
WARN  (AG0100) : Find logical loop signal : "REG_KW11L_INT_MONITOR_s3"("C:\wks\ework\FPGA\TangNano\20k\TangNanoDCJ11MEM\TangNanoDCJ11MEM_project\src\top.v":781)
WARN  (AG0100) : Find logical loop signal : "REG_KW11L_INT_MONITOR_s7"("C:\wks\ework\FPGA\TangNano\20k\TangNanoDCJ11MEM\TangNanoDCJ11MEM_project\src\top.v":781)
WARN  (AG0100) : Find logical loop signal : "n5146_s0"("C:\wks\ework\FPGA\TangNano\20k\TangNanoDCJ11MEM\TangNanoDCJ11MEM_project\src\top.v":778)
WARN  (AG0100) : Find logical loop signal : "n5152_s0"("C:\wks\ework\FPGA\TangNano\20k\TangNanoDCJ11MEM\TangNanoDCJ11MEM_project\src\top.v":781)
WARN  (AG0100) : Find logical loop signal : "n6238_s"("C:\wks\ework\FPGA\TangNano\20k\TangNanoDCJ11MEM\TangNanoDCJ11MEM_project\src\top.v":781)
WARN  (AG0101) : The netlist is not one directed acyclic graph
WARN  (AG0100) : Find logical loop signal : "REG_KE_MQ_15_s3"("C:\wks\ework\FPGA\TangNano\20k\TangNanoDCJ11MEM\TangNanoDCJ11MEM_project\src\top.v":492)
WARN  (AG0100) : Find logical loop signal : "REG_KE_MQ_15_s6"("C:\wks\ework\FPGA\TangNano\20k\TangNanoDCJ11MEM\TangNanoDCJ11MEM_project\src\top.v":492)
WARN  (AG0100) : Find logical loop signal : "REG_KE_MQ_15_s3"("C:\wks\ework\FPGA\TangNano\20k\TangNanoDCJ11MEM\TangNanoDCJ11MEM_project\src\top.v":492)
WARN  (AG0101) : The netlist is not one directed acyclic graph
WARN  (AG0100) : Find logical loop signal : "REG_KE_MQ_14_s3"("C:\wks\ework\FPGA\TangNano\20k\TangNanoDCJ11MEM\TangNanoDCJ11MEM_project\src\top.v":492)
WARN  (AG0100) : Find logical loop signal : "REG_KE_MQ_14_s6"("C:\wks\ework\FPGA\TangNano\20k\TangNanoDCJ11MEM\TangNanoDCJ11MEM_project\src\top.v":492)
WARN  (AG0100) : Find logical loop signal : "REG_KE_MQ_14_s3"("C:\wks\ework\FPGA\TangNano\20k\TangNanoDCJ11MEM\TangNanoDCJ11MEM_project\src\top.v":492)
WARN  (AG0101) : The netlist is not one directed acyclic graph
WARN  (AG0100) : Find logical loop signal : "REG_KE_MQ_13_s3"("C:\wks\ework\FPGA\TangNano\20k\TangNanoDCJ11MEM\TangNanoDCJ11MEM_project\src\top.v":492)
WARN  (AG0100) : Find logical loop signal : "REG_KE_MQ_13_s6"("C:\wks\ework\FPGA\TangNano\20k\TangNanoDCJ11MEM\TangNanoDCJ11MEM_project\src\top.v":492)
WARN  (AG0100) : Find logical loop signal : "REG_KE_MQ_13_s3"("C:\wks\ework\FPGA\TangNano\20k\TangNanoDCJ11MEM\TangNanoDCJ11MEM_project\src\top.v":492)
WARN  (AG0101) : The netlist is not one directed acyclic graph
WARN  (AG0100) : Find logical loop signal : "REG_KE_MQ_12_s3"("C:\wks\ework\FPGA\TangNano\20k\TangNanoDCJ11MEM\TangNanoDCJ11MEM_project\src\top.v":492)
WARN  (AG0100) : Find logical loop signal : "REG_KE_MQ_12_s6"("C:\wks\ework\FPGA\TangNano\20k\TangNanoDCJ11MEM\TangNanoDCJ11MEM_project\src\top.v":492)
WARN  (AG0100) : Find logical loop signal : "REG_KE_MQ_12_s3"("C:\wks\ework\FPGA\TangNano\20k\TangNanoDCJ11MEM\TangNanoDCJ11MEM_project\src\top.v":492)
WARN  (AG0101) : The netlist is not one directed acyclic graph
WARN  (AG0100) : Find logical loop signal : "REG_KE_MQ_11_s3"("C:\wks\ework\FPGA\TangNano\20k\TangNanoDCJ11MEM\TangNanoDCJ11MEM_project\src\top.v":492)
WARN  (AG0100) : Find logical loop signal : "REG_KE_MQ_11_s6"("C:\wks\ework\FPGA\TangNano\20k\TangNanoDCJ11MEM\TangNanoDCJ11MEM_project\src\top.v":492)
WARN  (AG0100) : Find logical loop signal : "REG_KE_MQ_11_s3"("C:\wks\ework\FPGA\TangNano\20k\TangNanoDCJ11MEM\TangNanoDCJ11MEM_project\src\top.v":492)
WARN  (AG0101) : The netlist is not one directed acyclic graph
WARN  (AG0100) : Find logical loop signal : "REG_KE_MQ_10_s3"("C:\wks\ework\FPGA\TangNano\20k\TangNanoDCJ11MEM\TangNanoDCJ11MEM_project\src\top.v":492)
WARN  (AG0100) : Find logical loop signal : "REG_KE_MQ_10_s6"("C:\wks\ework\FPGA\TangNano\20k\TangNanoDCJ11MEM\TangNanoDCJ11MEM_project\src\top.v":492)
WARN  (AG0100) : Find logical loop signal : "REG_KE_MQ_10_s3"("C:\wks\ework\FPGA\TangNano\20k\TangNanoDCJ11MEM\TangNanoDCJ11MEM_project\src\top.v":492)
WARN  (AG0101) : The netlist is not one directed acyclic graph
WARN  (AG0100) : Find logical loop signal : "REG_KE_MQ_9_s3"("C:\wks\ework\FPGA\TangNano\20k\TangNanoDCJ11MEM\TangNanoDCJ11MEM_project\src\top.v":492)
WARN  (AG0100) : Find logical loop signal : "REG_KE_MQ_9_s6"("C:\wks\ework\FPGA\TangNano\20k\TangNanoDCJ11MEM\TangNanoDCJ11MEM_project\src\top.v":492)
WARN  (AG0100) : Find logical loop signal : "REG_KE_MQ_9_s3"("C:\wks\ework\FPGA\TangNano\20k\TangNanoDCJ11MEM\TangNanoDCJ11MEM_project\src\top.v":492)
WARN  (AG0101) : The netlist is not one directed acyclic graph
WARN  (AG0100) : Find logical loop signal : "REG_KE_MQ_8_s3"("C:\wks\ework\FPGA\TangNano\20k\TangNanoDCJ11MEM\TangNanoDCJ11MEM_project\src\top.v":492)
WARN  (AG0100) : Find logical loop signal : "REG_KE_MQ_8_s6"("C:\wks\ework\FPGA\TangNano\20k\TangNanoDCJ11MEM\TangNanoDCJ11MEM_project\src\top.v":492)
WARN  (AG0100) : Find logical loop signal : "REG_KE_MQ_8_s3"("C:\wks\ework\FPGA\TangNano\20k\TangNanoDCJ11MEM\TangNanoDCJ11MEM_project\src\top.v":492)
WARN  (AG0101) : The netlist is not one directed acyclic graph
WARN  (AG0100) : Find logical loop signal : "REG_KE_MQ_7_s3"("C:\wks\ework\FPGA\TangNano\20k\TangNanoDCJ11MEM\TangNanoDCJ11MEM_project\src\top.v":492)
WARN  (AG0100) : Find logical loop signal : "REG_KE_MQ_7_s6"("C:\wks\ework\FPGA\TangNano\20k\TangNanoDCJ11MEM\TangNanoDCJ11MEM_project\src\top.v":492)
WARN  (AG0100) : Find logical loop signal : "REG_KE_MQ_7_s3"("C:\wks\ework\FPGA\TangNano\20k\TangNanoDCJ11MEM\TangNanoDCJ11MEM_project\src\top.v":492)
WARN  (AG0101) : The netlist is not one directed acyclic graph
WARN  (AG0100) : Find logical loop signal : "REG_KE_MQ_6_s3"("C:\wks\ework\FPGA\TangNano\20k\TangNanoDCJ11MEM\TangNanoDCJ11MEM_project\src\top.v":492)
WARN  (AG0100) : Find logical loop signal : "REG_KE_MQ_6_s6"("C:\wks\ework\FPGA\TangNano\20k\TangNanoDCJ11MEM\TangNanoDCJ11MEM_project\src\top.v":492)
WARN  (AG0100) : Find logical loop signal : "REG_KE_MQ_6_s3"("C:\wks\ework\FPGA\TangNano\20k\TangNanoDCJ11MEM\TangNanoDCJ11MEM_project\src\top.v":492)
WARN  (AG0101) : The netlist is not one directed acyclic graph
WARN  (AG0100) : Find logical loop signal : "REG_KE_MQ_5_s3"("C:\wks\ework\FPGA\TangNano\20k\TangNanoDCJ11MEM\TangNanoDCJ11MEM_project\src\top.v":492)
WARN  (AG0100) : Find logical loop signal : "REG_KE_MQ_5_s6"("C:\wks\ework\FPGA\TangNano\20k\TangNanoDCJ11MEM\TangNanoDCJ11MEM_project\src\top.v":492)
WARN  (AG0100) : Find logical loop signal : "REG_KE_MQ_5_s3"("C:\wks\ework\FPGA\TangNano\20k\TangNanoDCJ11MEM\TangNanoDCJ11MEM_project\src\top.v":492)
WARN  (AG0101) : The netlist is not one directed acyclic graph
WARN  (AG0100) : Find logical loop signal : "REG_KE_MQ_4_s3"("C:\wks\ework\FPGA\TangNano\20k\TangNanoDCJ11MEM\TangNanoDCJ11MEM_project\src\top.v":492)
WARN  (AG0100) : Find logical loop signal : "REG_KE_MQ_4_s6"("C:\wks\ework\FPGA\TangNano\20k\TangNanoDCJ11MEM\TangNanoDCJ11MEM_project\src\top.v":492)
WARN  (AG0100) : Find logical loop signal : "REG_KE_MQ_4_s3"("C:\wks\ework\FPGA\TangNano\20k\TangNanoDCJ11MEM\TangNanoDCJ11MEM_project\src\top.v":492)
WARN  (AG0101) : The netlist is not one directed acyclic graph
WARN  (AG0100) : Find logical loop signal : "REG_KE_MQ_3_s3"("C:\wks\ework\FPGA\TangNano\20k\TangNanoDCJ11MEM\TangNanoDCJ11MEM_project\src\top.v":492)
WARN  (AG0100) : Find logical loop signal : "REG_KE_MQ_3_s6"("C:\wks\ework\FPGA\TangNano\20k\TangNanoDCJ11MEM\TangNanoDCJ11MEM_project\src\top.v":492)
WARN  (AG0100) : Find logical loop signal : "REG_KE_MQ_3_s3"("C:\wks\ework\FPGA\TangNano\20k\TangNanoDCJ11MEM\TangNanoDCJ11MEM_project\src\top.v":492)
WARN  (AG0101) : The netlist is not one directed acyclic graph
WARN  (AG0100) : Find logical loop signal : "REG_KE_MQ_2_s3"("C:\wks\ework\FPGA\TangNano\20k\TangNanoDCJ11MEM\TangNanoDCJ11MEM_project\src\top.v":492)
WARN  (AG0100) : Find logical loop signal : "REG_KE_MQ_2_s6"("C:\wks\ework\FPGA\TangNano\20k\TangNanoDCJ11MEM\TangNanoDCJ11MEM_project\src\top.v":492)
WARN  (AG0100) : Find logical loop signal : "REG_KE_MQ_2_s3"("C:\wks\ework\FPGA\TangNano\20k\TangNanoDCJ11MEM\TangNanoDCJ11MEM_project\src\top.v":492)
WARN  (AG0101) : The netlist is not one directed acyclic graph
WARN  (AG0100) : Find logical loop signal : "REG_KE_MQ_1_s3"("C:\wks\ework\FPGA\TangNano\20k\TangNanoDCJ11MEM\TangNanoDCJ11MEM_project\src\top.v":492)
WARN  (AG0100) : Find logical loop signal : "REG_KE_MQ_1_s6"("C:\wks\ework\FPGA\TangNano\20k\TangNanoDCJ11MEM\TangNanoDCJ11MEM_project\src\top.v":492)
WARN  (AG0100) : Find logical loop signal : "REG_KE_MQ_1_s3"("C:\wks\ework\FPGA\TangNano\20k\TangNanoDCJ11MEM\TangNanoDCJ11MEM_project\src\top.v":492)
WARN  (AG0101) : The netlist is not one directed acyclic graph
WARN  (AG0100) : Find logical loop signal : "REG_KE_MQ_0_s3"("C:\wks\ework\FPGA\TangNano\20k\TangNanoDCJ11MEM\TangNanoDCJ11MEM_project\src\top.v":492)
WARN  (AG0100) : Find logical loop signal : "REG_KE_MQ_0_s6"("C:\wks\ework\FPGA\TangNano\20k\TangNanoDCJ11MEM\TangNanoDCJ11MEM_project\src\top.v":492)
WARN  (AG0100) : Find logical loop signal : "REG_KE_MQ_0_s3"("C:\wks\ework\FPGA\TangNano\20k\TangNanoDCJ11MEM\TangNanoDCJ11MEM_project\src\top.v":492)
WARN  (AG0101) : The netlist is not one directed acyclic graph
WARN  (AG0100) : Find logical loop signal : "REG_KE_AC_15_s3"("C:\wks\ework\FPGA\TangNano\20k\TangNanoDCJ11MEM\TangNanoDCJ11MEM_project\src\top.v":492)
WARN  (AG0100) : Find logical loop signal : "REG_KE_AC_15_s6"("C:\wks\ework\FPGA\TangNano\20k\TangNanoDCJ11MEM\TangNanoDCJ11MEM_project\src\top.v":492)
WARN  (AG0100) : Find logical loop signal : "REG_KE_AC_15_s3"("C:\wks\ework\FPGA\TangNano\20k\TangNanoDCJ11MEM\TangNanoDCJ11MEM_project\src\top.v":492)
WARN  (AG0101) : The netlist is not one directed acyclic graph
WARN  (AG0100) : Find logical loop signal : "REG_KE_AC_14_s3"("C:\wks\ework\FPGA\TangNano\20k\TangNanoDCJ11MEM\TangNanoDCJ11MEM_project\src\top.v":492)
WARN  (AG0100) : Find logical loop signal : "REG_KE_AC_14_s6"("C:\wks\ework\FPGA\TangNano\20k\TangNanoDCJ11MEM\TangNanoDCJ11MEM_project\src\top.v":492)
WARN  (AG0100) : Find logical loop signal : "REG_KE_AC_14_s3"("C:\wks\ework\FPGA\TangNano\20k\TangNanoDCJ11MEM\TangNanoDCJ11MEM_project\src\top.v":492)
WARN  (AG0101) : The netlist is not one directed acyclic graph
WARN  (AG0100) : Find logical loop signal : "REG_KE_AC_13_s3"("C:\wks\ework\FPGA\TangNano\20k\TangNanoDCJ11MEM\TangNanoDCJ11MEM_project\src\top.v":492)
WARN  (AG0100) : Find logical loop signal : "REG_KE_AC_13_s6"("C:\wks\ework\FPGA\TangNano\20k\TangNanoDCJ11MEM\TangNanoDCJ11MEM_project\src\top.v":492)
WARN  (AG0100) : Find logical loop signal : "REG_KE_AC_13_s3"("C:\wks\ework\FPGA\TangNano\20k\TangNanoDCJ11MEM\TangNanoDCJ11MEM_project\src\top.v":492)
WARN  (AG0101) : The netlist is not one directed acyclic graph
WARN  (AG0100) : Find logical loop signal : "REG_KE_AC_12_s3"("C:\wks\ework\FPGA\TangNano\20k\TangNanoDCJ11MEM\TangNanoDCJ11MEM_project\src\top.v":492)
WARN  (AG0100) : Find logical loop signal : "REG_KE_AC_12_s6"("C:\wks\ework\FPGA\TangNano\20k\TangNanoDCJ11MEM\TangNanoDCJ11MEM_project\src\top.v":492)
WARN  (AG0100) : Find logical loop signal : "REG_KE_AC_12_s3"("C:\wks\ework\FPGA\TangNano\20k\TangNanoDCJ11MEM\TangNanoDCJ11MEM_project\src\top.v":492)
WARN  (AG0101) : The netlist is not one directed acyclic graph
WARN  (AG0100) : Find logical loop signal : "REG_KE_AC_11_s3"("C:\wks\ework\FPGA\TangNano\20k\TangNanoDCJ11MEM\TangNanoDCJ11MEM_project\src\top.v":492)
WARN  (AG0100) : Find logical loop signal : "REG_KE_AC_11_s6"("C:\wks\ework\FPGA\TangNano\20k\TangNanoDCJ11MEM\TangNanoDCJ11MEM_project\src\top.v":492)
WARN  (AG0100) : Find logical loop signal : "REG_KE_AC_11_s3"("C:\wks\ework\FPGA\TangNano\20k\TangNanoDCJ11MEM\TangNanoDCJ11MEM_project\src\top.v":492)
WARN  (AG0101) : The netlist is not one directed acyclic graph
WARN  (AG0100) : Find logical loop signal : "REG_KE_AC_10_s3"("C:\wks\ework\FPGA\TangNano\20k\TangNanoDCJ11MEM\TangNanoDCJ11MEM_project\src\top.v":492)
WARN  (AG0100) : Find logical loop signal : "REG_KE_AC_10_s6"("C:\wks\ework\FPGA\TangNano\20k\TangNanoDCJ11MEM\TangNanoDCJ11MEM_project\src\top.v":492)
WARN  (AG0100) : Find logical loop signal : "REG_KE_AC_10_s3"("C:\wks\ework\FPGA\TangNano\20k\TangNanoDCJ11MEM\TangNanoDCJ11MEM_project\src\top.v":492)
WARN  (AG0101) : The netlist is not one directed acyclic graph
WARN  (AG0100) : Find logical loop signal : "REG_KE_AC_9_s3"("C:\wks\ework\FPGA\TangNano\20k\TangNanoDCJ11MEM\TangNanoDCJ11MEM_project\src\top.v":492)
WARN  (AG0100) : Find logical loop signal : "REG_KE_AC_9_s6"("C:\wks\ework\FPGA\TangNano\20k\TangNanoDCJ11MEM\TangNanoDCJ11MEM_project\src\top.v":492)
WARN  (AG0100) : Find logical loop signal : "REG_KE_AC_9_s3"("C:\wks\ework\FPGA\TangNano\20k\TangNanoDCJ11MEM\TangNanoDCJ11MEM_project\src\top.v":492)
WARN  (AG0101) : The netlist is not one directed acyclic graph
WARN  (AG0100) : Find logical loop signal : "REG_KE_AC_8_s3"("C:\wks\ework\FPGA\TangNano\20k\TangNanoDCJ11MEM\TangNanoDCJ11MEM_project\src\top.v":492)
WARN  (AG0100) : Find logical loop signal : "REG_KE_AC_8_s6"("C:\wks\ework\FPGA\TangNano\20k\TangNanoDCJ11MEM\TangNanoDCJ11MEM_project\src\top.v":492)
WARN  (AG0100) : Find logical loop signal : "REG_KE_AC_8_s3"("C:\wks\ework\FPGA\TangNano\20k\TangNanoDCJ11MEM\TangNanoDCJ11MEM_project\src\top.v":492)
WARN  (AG0101) : The netlist is not one directed acyclic graph
WARN  (AG0100) : Find logical loop signal : "REG_KE_AC_7_s3"("C:\wks\ework\FPGA\TangNano\20k\TangNanoDCJ11MEM\TangNanoDCJ11MEM_project\src\top.v":492)
WARN  (AG0100) : Find logical loop signal : "REG_KE_AC_7_s6"("C:\wks\ework\FPGA\TangNano\20k\TangNanoDCJ11MEM\TangNanoDCJ11MEM_project\src\top.v":492)
WARN  (AG0100) : Find logical loop signal : "REG_KE_AC_7_s3"("C:\wks\ework\FPGA\TangNano\20k\TangNanoDCJ11MEM\TangNanoDCJ11MEM_project\src\top.v":492)
WARN  (AG0101) : The netlist is not one directed acyclic graph
WARN  (AG0100) : Find logical loop signal : "REG_KE_AC_6_s3"("C:\wks\ework\FPGA\TangNano\20k\TangNanoDCJ11MEM\TangNanoDCJ11MEM_project\src\top.v":492)
WARN  (AG0100) : Find logical loop signal : "REG_KE_AC_6_s6"("C:\wks\ework\FPGA\TangNano\20k\TangNanoDCJ11MEM\TangNanoDCJ11MEM_project\src\top.v":492)
WARN  (AG0100) : Find logical loop signal : "REG_KE_AC_6_s3"("C:\wks\ework\FPGA\TangNano\20k\TangNanoDCJ11MEM\TangNanoDCJ11MEM_project\src\top.v":492)
WARN  (AG0101) : The netlist is not one directed acyclic graph
WARN  (AG0100) : Find logical loop signal : "REG_KE_AC_5_s3"("C:\wks\ework\FPGA\TangNano\20k\TangNanoDCJ11MEM\TangNanoDCJ11MEM_project\src\top.v":492)
WARN  (AG0100) : Find logical loop signal : "REG_KE_AC_5_s6"("C:\wks\ework\FPGA\TangNano\20k\TangNanoDCJ11MEM\TangNanoDCJ11MEM_project\src\top.v":492)
WARN  (AG0100) : Find logical loop signal : "REG_KE_AC_5_s3"("C:\wks\ework\FPGA\TangNano\20k\TangNanoDCJ11MEM\TangNanoDCJ11MEM_project\src\top.v":492)
WARN  (AG0101) : The netlist is not one directed acyclic graph
WARN  (AG0100) : Find logical loop signal : "REG_KE_AC_4_s3"("C:\wks\ework\FPGA\TangNano\20k\TangNanoDCJ11MEM\TangNanoDCJ11MEM_project\src\top.v":492)
WARN  (AG0100) : Find logical loop signal : "REG_KE_AC_4_s6"("C:\wks\ework\FPGA\TangNano\20k\TangNanoDCJ11MEM\TangNanoDCJ11MEM_project\src\top.v":492)
WARN  (AG0100) : Find logical loop signal : "REG_KE_AC_4_s3"("C:\wks\ework\FPGA\TangNano\20k\TangNanoDCJ11MEM\TangNanoDCJ11MEM_project\src\top.v":492)
WARN  (AG0101) : The netlist is not one directed acyclic graph
WARN  (AG0100) : Find logical loop signal : "REG_KE_AC_3_s3"("C:\wks\ework\FPGA\TangNano\20k\TangNanoDCJ11MEM\TangNanoDCJ11MEM_project\src\top.v":492)
WARN  (AG0100) : Find logical loop signal : "REG_KE_AC_3_s6"("C:\wks\ework\FPGA\TangNano\20k\TangNanoDCJ11MEM\TangNanoDCJ11MEM_project\src\top.v":492)
WARN  (AG0100) : Find logical loop signal : "REG_KE_AC_3_s3"("C:\wks\ework\FPGA\TangNano\20k\TangNanoDCJ11MEM\TangNanoDCJ11MEM_project\src\top.v":492)
WARN  (AG0101) : The netlist is not one directed acyclic graph
WARN  (AG0100) : Find logical loop signal : "REG_KE_AC_2_s3"("C:\wks\ework\FPGA\TangNano\20k\TangNanoDCJ11MEM\TangNanoDCJ11MEM_project\src\top.v":492)
WARN  (AG0100) : Find logical loop signal : "REG_KE_AC_2_s6"("C:\wks\ework\FPGA\TangNano\20k\TangNanoDCJ11MEM\TangNanoDCJ11MEM_project\src\top.v":492)
WARN  (AG0100) : Find logical loop signal : "REG_KE_AC_2_s3"("C:\wks\ework\FPGA\TangNano\20k\TangNanoDCJ11MEM\TangNanoDCJ11MEM_project\src\top.v":492)
WARN  (AG0101) : The netlist is not one directed acyclic graph
WARN  (AG0100) : Find logical loop signal : "REG_KE_AC_1_s3"("C:\wks\ework\FPGA\TangNano\20k\TangNanoDCJ11MEM\TangNanoDCJ11MEM_project\src\top.v":492)
WARN  (AG0100) : Find logical loop signal : "REG_KE_AC_1_s6"("C:\wks\ework\FPGA\TangNano\20k\TangNanoDCJ11MEM\TangNanoDCJ11MEM_project\src\top.v":492)
WARN  (AG0100) : Find logical loop signal : "REG_KE_AC_1_s3"("C:\wks\ework\FPGA\TangNano\20k\TangNanoDCJ11MEM\TangNanoDCJ11MEM_project\src\top.v":492)
WARN  (AG0101) : The netlist is not one directed acyclic graph
WARN  (AG0100) : Find logical loop signal : "REG_KE_AC_0_s3"("C:\wks\ework\FPGA\TangNano\20k\TangNanoDCJ11MEM\TangNanoDCJ11MEM_project\src\top.v":492)
WARN  (AG0100) : Find logical loop signal : "REG_KE_AC_0_s6"("C:\wks\ework\FPGA\TangNano\20k\TangNanoDCJ11MEM\TangNanoDCJ11MEM_project\src\top.v":492)
WARN  (AG0100) : Find logical loop signal : "REG_KE_AC_0_s3"("C:\wks\ework\FPGA\TangNano\20k\TangNanoDCJ11MEM\TangNanoDCJ11MEM_project\src\top.v":492)
WARN  (AG0101) : The netlist is not one directed acyclic graph
WARN  (AG0100) : Find logical loop signal : "div_execute_s3"("C:\wks\ework\FPGA\TangNano\20k\TangNanoDCJ11MEM\TangNanoDCJ11MEM_project\src\top.v":492)
WARN  (AG0100) : Find logical loop signal : "div_execute_s6"("C:\wks\ework\FPGA\TangNano\20k\TangNanoDCJ11MEM\TangNanoDCJ11MEM_project\src\top.v":492)
WARN  (AG0100) : Find logical loop signal : "div_execute_s3"("C:\wks\ework\FPGA\TangNano\20k\TangNanoDCJ11MEM\TangNanoDCJ11MEM_project\src\top.v":492)
WARN  (AG0101) : The netlist is not one directed acyclic graph
WARN  (AG0100) : Find logical loop signal : "REG_KW11L_INT_ENABLE_s3"("C:\wks\ework\FPGA\TangNano\20k\TangNanoDCJ11MEM\TangNanoDCJ11MEM_project\src\top.v":781)
WARN  (AG0100) : Find logical loop signal : "REG_KW11L_INT_ENABLE_s6"("C:\wks\ework\FPGA\TangNano\20k\TangNanoDCJ11MEM\TangNanoDCJ11MEM_project\src\top.v":781)
WARN  (AG0100) : Find logical loop signal : "REG_KW11L_INT_ENABLE_s3"("C:\wks\ework\FPGA\TangNano\20k\TangNanoDCJ11MEM\TangNanoDCJ11MEM_project\src\top.v":781)
WARN  (AG0101) : The netlist is not one directed acyclic graph
WARN  (AG0100) : Find logical loop signal : "REG_KW11L_INT_MONITOR_s3"("C:\wks\ework\FPGA\TangNano\20k\TangNanoDCJ11MEM\TangNanoDCJ11MEM_project\src\top.v":781)
WARN  (AG0100) : Find logical loop signal : "REG_KW11L_INT_MONITOR_s6"("C:\wks\ework\FPGA\TangNano\20k\TangNanoDCJ11MEM\TangNanoDCJ11MEM_project\src\top.v":781)
WARN  (AG0100) : Find logical loop signal : "REG_KW11L_INT_MONITOR_s3"("C:\wks\ework\FPGA\TangNano\20k\TangNanoDCJ11MEM\TangNanoDCJ11MEM_project\src\top.v":781)
WARN  (AG0101) : The netlist is not one directed acyclic graph
[80%] Tech-Mapping Phase 3 completed
[90%] Tech-Mapping Phase 4 completed
[95%] Generate netlist file "C:\wks\ework\FPGA\TangNano\20k\TangNanoDCJ11MEM\TangNanoDCJ11MEM_project\impl\gwsynthesis\TangNanoDCJ11MEM_project.vg" completed
[100%] Generate report file "C:\wks\ework\FPGA\TangNano\20k\TangNanoDCJ11MEM\TangNanoDCJ11MEM_project\impl\gwsynthesis\TangNanoDCJ11MEM_project_syn.rpt.html" completed
GowinSynthesis finish
