GowinSynthesis start
Running parser ...
Analyzing Verilog file 'C:\wks\ework\FPGA\TangNano\20k\TangNanoDCJ11MEM\github\TangNanoDCJ11MEM\applications\unix-v1\TangNanoDCJ11MEM_project.20240712.alpha\src\integer_division\integer_division.v'
Analyzing Verilog file 'C:\wks\ework\FPGA\TangNano\20k\TangNanoDCJ11MEM\github\TangNanoDCJ11MEM\applications\unix-v1\TangNanoDCJ11MEM_project.20240712.alpha\src\sdhd.v'
Analyzing Verilog file 'C:\wks\ework\FPGA\TangNano\20k\TangNanoDCJ11MEM\github\TangNanoDCJ11MEM\applications\unix-v1\TangNanoDCJ11MEM_project.20240712.alpha\src\top.v'
Analyzing included file 'C:\wks\ework\FPGA\TangNano\20k\TangNanoDCJ11MEM\github\TangNanoDCJ11MEM\applications\unix-v1\TangNanoDCJ11MEM_project.20240712.alpha\src\rom.v'("C:\wks\ework\FPGA\TangNano\20k\TangNanoDCJ11MEM\github\TangNanoDCJ11MEM\applications\unix-v1\TangNanoDCJ11MEM_project.20240712.alpha\src\top.v":900)
Back to file 'C:\wks\ework\FPGA\TangNano\20k\TangNanoDCJ11MEM\github\TangNanoDCJ11MEM\applications\unix-v1\TangNanoDCJ11MEM_project.20240712.alpha\src\top.v'("C:\wks\ework\FPGA\TangNano\20k\TangNanoDCJ11MEM\github\TangNanoDCJ11MEM\applications\unix-v1\TangNanoDCJ11MEM_project.20240712.alpha\src\top.v":900)
Undeclared symbol 'dma_write', assumed default net type 'wire'("C:\wks\ework\FPGA\TangNano\20k\TangNanoDCJ11MEM\github\TangNanoDCJ11MEM\applications\unix-v1\TangNanoDCJ11MEM_project.20240712.alpha\src\top.v":1180)
Analyzing Verilog file 'C:\wks\ework\FPGA\TangNano\20k\TangNanoDCJ11MEM\github\TangNanoDCJ11MEM\applications\unix-v1\TangNanoDCJ11MEM_project.20240712.alpha\src\uart.v'
Analyzing Verilog file 'C:\wks\ework\FPGA\TangNano\20k\TangNanoDCJ11MEM\github\TangNanoDCJ11MEM\applications\unix-v1\TangNanoDCJ11MEM_project.20240712.alpha\src\ws2812.v'
Compiling module 'top'("C:\wks\ework\FPGA\TangNano\20k\TangNanoDCJ11MEM\github\TangNanoDCJ11MEM\applications\unix-v1\TangNanoDCJ11MEM_project.20240712.alpha\src\top.v":25)
Extracting RAM for identifier 'mem_hi'("C:\wks\ework\FPGA\TangNano\20k\TangNanoDCJ11MEM\github\TangNanoDCJ11MEM\applications\unix-v1\TangNanoDCJ11MEM_project.20240712.alpha\src\top.v":852)
Extracting RAM for identifier 'mem_lo'("C:\wks\ework\FPGA\TangNano\20k\TangNanoDCJ11MEM\github\TangNanoDCJ11MEM\applications\unix-v1\TangNanoDCJ11MEM_project.20240712.alpha\src\top.v":853)
Compiling module 'Integer_Division_Top'("C:\wks\ework\FPGA\TangNano\20k\TangNanoDCJ11MEM\github\TangNanoDCJ11MEM\applications\unix-v1\TangNanoDCJ11MEM_project.20240712.alpha\src\integer_division\integer_division.v":11544)
Compiling module '**'("C:\wks\ework\FPGA\TangNano\20k\TangNanoDCJ11MEM\github\TangNanoDCJ11MEM\applications\unix-v1\TangNanoDCJ11MEM_project.20240712.alpha\src\integer_division\integer_division.v":11543)
Compiling module 'uart_rx(CLK_FRQ=27000000,BAUD_RATE=115200)'("C:\wks\ework\FPGA\TangNano\20k\TangNanoDCJ11MEM\github\TangNanoDCJ11MEM\applications\unix-v1\TangNanoDCJ11MEM_project.20240712.alpha\src\uart.v":75)
Compiling module 'uart_tx(CLK_FRQ=27000000,BAUD_RATE=115200)'("C:\wks\ework\FPGA\TangNano\20k\TangNanoDCJ11MEM\github\TangNanoDCJ11MEM\applications\unix-v1\TangNanoDCJ11MEM_project.20240712.alpha\src\uart.v":14)
Compiling module 'sdhd'("C:\wks\ework\FPGA\TangNano\20k\TangNanoDCJ11MEM\github\TangNanoDCJ11MEM\applications\unix-v1\TangNanoDCJ11MEM_project.20240712.alpha\src\sdhd.v":10)
Extracting RAM for identifier 'read_before_write_buf'("C:\wks\ework\FPGA\TangNano\20k\TangNanoDCJ11MEM\github\TangNanoDCJ11MEM\applications\unix-v1\TangNanoDCJ11MEM_project.20240712.alpha\src\sdhd.v":240)
Compiling module 'ws2812'("C:\wks\ework\FPGA\TangNano\20k\TangNanoDCJ11MEM\github\TangNanoDCJ11MEM\applications\unix-v1\TangNanoDCJ11MEM_project.20240712.alpha\src\ws2812.v":5)
NOTE  (EX0101) : Current top module is "top"
[5%] Running netlist conversion ...
Running device independent optimization ...
[10%] Optimizing Phase 0 completed
[15%] Optimizing Phase 1 completed
[25%] Optimizing Phase 2 completed
Running inference ...
[30%] Inferring Phase 0 completed
[40%] Inferring Phase 1 completed
[50%] Inferring Phase 2 completed
[55%] Inferring Phase 3 completed
Running technical mapping ...
[60%] Tech-Mapping Phase 0 completed
[65%] Tech-Mapping Phase 1 completed
[75%] Tech-Mapping Phase 2 completed
[80%] Tech-Mapping Phase 3 completed
[90%] Tech-Mapping Phase 4 completed
[95%] Generate netlist file "C:\wks\ework\FPGA\TangNano\20k\TangNanoDCJ11MEM\github\TangNanoDCJ11MEM\applications\unix-v1\TangNanoDCJ11MEM_project.20240712.alpha\impl\gwsynthesis\TangNanoDCJ11MEM_project.vg" completed
[100%] Generate report file "C:\wks\ework\FPGA\TangNano\20k\TangNanoDCJ11MEM\github\TangNanoDCJ11MEM\applications\unix-v1\TangNanoDCJ11MEM_project.20240712.alpha\impl\gwsynthesis\TangNanoDCJ11MEM_project_syn.rpt.html" completed
GowinSynthesis finish
