GowinSynthesis start
Running parser ...
Analyzing Verilog file 'C:\wks\ework\FPGA\TangNano\20k\TangNanoDCJ11MEM\TangNanoDCJ11MEM_project\src\sdtape.v'
Analyzing Verilog file 'C:\wks\ework\FPGA\TangNano\20k\TangNanoDCJ11MEM\TangNanoDCJ11MEM_project\src\top.v'
Analyzing included file 'C:\wks\ework\FPGA\TangNano\20k\TangNanoDCJ11MEM\TangNanoDCJ11MEM_project\src\rom.v'("C:\wks\ework\FPGA\TangNano\20k\TangNanoDCJ11MEM\TangNanoDCJ11MEM_project\src\top.v":223)
Back to file 'C:\wks\ework\FPGA\TangNano\20k\TangNanoDCJ11MEM\TangNanoDCJ11MEM_project\src\top.v'("C:\wks\ework\FPGA\TangNano\20k\TangNanoDCJ11MEM\TangNanoDCJ11MEM_project\src\top.v":223)
Undeclared symbol 'DBG', assumed default net type 'wire'("C:\wks\ework\FPGA\TangNano\20k\TangNanoDCJ11MEM\TangNanoDCJ11MEM_project\src\top.v":430)
Analyzing Verilog file 'C:\wks\ework\FPGA\TangNano\20k\TangNanoDCJ11MEM\TangNanoDCJ11MEM_project\src\uart.v'
Undeclared symbol 'rx_negedge', assumed default net type 'wire'("C:\wks\ework\FPGA\TangNano\20k\TangNanoDCJ11MEM\TangNanoDCJ11MEM_project\src\uart.v":147)
Analyzing Verilog file 'C:\wks\ework\FPGA\TangNano\20k\TangNanoDCJ11MEM\TangNanoDCJ11MEM_project\src\ws2812.v'
Compiling module 'top'("C:\wks\ework\FPGA\TangNano\20k\TangNanoDCJ11MEM\TangNanoDCJ11MEM_project\src\top.v":10)
Extracting RAM for identifier 'mem_hi'("C:\wks\ework\FPGA\TangNano\20k\TangNanoDCJ11MEM\TangNanoDCJ11MEM_project\src\top.v":45)
Extracting RAM for identifier 'mem_lo'("C:\wks\ework\FPGA\TangNano\20k\TangNanoDCJ11MEM\TangNanoDCJ11MEM_project\src\top.v":46)
Compiling module 'ws2812'("C:\wks\ework\FPGA\TangNano\20k\TangNanoDCJ11MEM\TangNanoDCJ11MEM_project\src\ws2812.v":5)
Compiling module 'uart_rx(CLK_FRQ=27000000,BAUD_RATE=115200)'("C:\wks\ework\FPGA\TangNano\20k\TangNanoDCJ11MEM\TangNanoDCJ11MEM_project\src\uart.v":117)
Compiling module 'uart_tx(CLK_FRQ=27000000,BAUD_RATE=115200)'("C:\wks\ework\FPGA\TangNano\20k\TangNanoDCJ11MEM\TangNanoDCJ11MEM_project\src\uart.v":11)
Compiling module 'sdtape'("C:\wks\ework\FPGA\TangNano\20k\TangNanoDCJ11MEM\TangNanoDCJ11MEM_project\src\sdtape.v":6)
Extracting RAM for identifier 'mem_readbuf'("C:\wks\ework\FPGA\TangNano\20k\TangNanoDCJ11MEM\TangNanoDCJ11MEM_project\src\sdtape.v":87)
Extracting RAM for identifier 'mem_writebuf'("C:\wks\ework\FPGA\TangNano\20k\TangNanoDCJ11MEM\TangNanoDCJ11MEM_project\src\sdtape.v":88)
NOTE  (EX0101) : Current top module is "top"
[5%] Running netlist conversion ...
Running device independent optimization ...
[10%] Optimizing Phase 0 completed
[15%] Optimizing Phase 1 completed
[25%] Optimizing Phase 2 completed
Running inference ...
[30%] Inferring Phase 0 completed
[40%] Inferring Phase 1 completed
[50%] Inferring Phase 2 completed
[55%] Inferring Phase 3 completed
Running technical mapping ...
[60%] Tech-Mapping Phase 0 completed
[65%] Tech-Mapping Phase 1 completed
[75%] Tech-Mapping Phase 2 completed
[80%] Tech-Mapping Phase 3 completed
[90%] Tech-Mapping Phase 4 completed
[95%] Generate netlist file "C:\wks\ework\FPGA\TangNano\20k\TangNanoDCJ11MEM\TangNanoDCJ11MEM_project\impl\gwsynthesis\TangNanoDCJ11MEM_project.vg" completed
[100%] Generate report file "C:\wks\ework\FPGA\TangNano\20k\TangNanoDCJ11MEM\TangNanoDCJ11MEM_project\impl\gwsynthesis\TangNanoDCJ11MEM_project_syn.rpt.html" completed
GowinSynthesis finish
