GowinSynthesis start
Running parser ...
Analyzing Verilog file 'C:\wks\ework\FPGA\TangNano\20k\TangNanoDCJ11MEM\TangNanoDCJ11MEM_project_baremetal\src\top.v'
Analyzing included file 'C:\wks\ework\FPGA\TangNano\20k\TangNanoDCJ11MEM\TangNanoDCJ11MEM_project_baremetal\src\rom.v'("C:\wks\ework\FPGA\TangNano\20k\TangNanoDCJ11MEM\TangNanoDCJ11MEM_project_baremetal\src\top.v":56)
Back to file 'C:\wks\ework\FPGA\TangNano\20k\TangNanoDCJ11MEM\TangNanoDCJ11MEM_project_baremetal\src\top.v'("C:\wks\ework\FPGA\TangNano\20k\TangNanoDCJ11MEM\TangNanoDCJ11MEM_project_baremetal\src\top.v":56)
Analyzing Verilog file 'C:\wks\ework\FPGA\TangNano\20k\TangNanoDCJ11MEM\TangNanoDCJ11MEM_project_baremetal\src\uart.v'
Analyzing Verilog file 'C:\wks\ework\FPGA\TangNano\20k\TangNanoDCJ11MEM\TangNanoDCJ11MEM_project_baremetal\src\ws2812.v'
Compiling module 'top'("C:\wks\ework\FPGA\TangNano\20k\TangNanoDCJ11MEM\TangNanoDCJ11MEM_project_baremetal\src\top.v":12)
Extracting RAM for identifier 'mem_hi'("C:\wks\ework\FPGA\TangNano\20k\TangNanoDCJ11MEM\TangNanoDCJ11MEM_project_baremetal\src\top.v":40)
Extracting RAM for identifier 'mem_lo'("C:\wks\ework\FPGA\TangNano\20k\TangNanoDCJ11MEM\TangNanoDCJ11MEM_project_baremetal\src\top.v":41)
Compiling module 'uart_rx(CLK_FRQ=27000000,BAUD_RATE=115200)'("C:\wks\ework\FPGA\TangNano\20k\TangNanoDCJ11MEM\TangNanoDCJ11MEM_project_baremetal\src\uart.v":75)
Compiling module 'uart_tx(CLK_FRQ=27000000,BAUD_RATE=115200)'("C:\wks\ework\FPGA\TangNano\20k\TangNanoDCJ11MEM\TangNanoDCJ11MEM_project_baremetal\src\uart.v":14)
Compiling module 'ws2812'("C:\wks\ework\FPGA\TangNano\20k\TangNanoDCJ11MEM\TangNanoDCJ11MEM_project_baremetal\src\ws2812.v":5)
NOTE  (EX0101) : Current top module is "top"
[5%] Running netlist conversion ...
Running device independent optimization ...
[10%] Optimizing Phase 0 completed
[15%] Optimizing Phase 1 completed
[25%] Optimizing Phase 2 completed
Running inference ...
[30%] Inferring Phase 0 completed
[40%] Inferring Phase 1 completed
[50%] Inferring Phase 2 completed
[55%] Inferring Phase 3 completed
Running technical mapping ...
[60%] Tech-Mapping Phase 0 completed
[65%] Tech-Mapping Phase 1 completed
[75%] Tech-Mapping Phase 2 completed
[80%] Tech-Mapping Phase 3 completed
[90%] Tech-Mapping Phase 4 completed
[95%] Generate netlist file "C:\wks\ework\FPGA\TangNano\20k\TangNanoDCJ11MEM\TangNanoDCJ11MEM_project_baremetal\impl\gwsynthesis\TangNanoDCJ11MEM_project.vg" completed
[100%] Generate report file "C:\wks\ework\FPGA\TangNano\20k\TangNanoDCJ11MEM\TangNanoDCJ11MEM_project_baremetal\impl\gwsynthesis\TangNanoDCJ11MEM_project_syn.rpt.html" completed
GowinSynthesis finish
